Created by PLY version 3.11 (http://www.dabeaz.com/ply)

Unused terminals:

    ID
    TKN_AND
    TKN_BOOLEAN
    TKN_BREAK
    TKN_CASE
    TKN_CHAR
    TKN_COMA
    TKN_CONTINUE
    TKN_CORCHETEDER
    TKN_CORCHETEIZQ
    TKN_DECREMENTO
    TKN_DEFAULT
    TKN_DOSPUNTOS
    TKN_DOUBLE
    TKN_ELSE
    TKN_FOR
    TKN_IF
    TKN_IGUAL
    TKN_INCREMENTO
    TKN_INT
    TKN_LENGTH
    TKN_LLAVEDER
    TKN_LLAVEIZQ
    TKN_MAIN
    TKN_NEW
    TKN_NOT
    TKN_NULL
    TKN_OR
    TKN_PUNTO
    TKN_READ
    TKN_RETURN
    TKN_ROUND
    TKN_STRING
    TKN_SWITCH
    TKN_TOLOWER
    TKN_TO_UPPER
    TKN_TRUNCATE
    TKN_TYPE_OF
    TKN_VOID
    TKN_WHILE

Grammar

Rule 0     S' -> s
Rule 1     s -> instrucciones
Rule 2     instrucciones -> instrucciones instruccion
Rule 3     instrucciones -> instruccion
Rule 4     finalizacion -> TKN_PTCOMA
Rule 5     finalizacion -> <empty>
Rule 6     instruccion -> instPrint finalizacion
Rule 7     instruccion -> expresion finalizacion
Rule 8     instPrint -> TKN_PRINT TKN_PARIZQ expresion TKN_PARDER
Rule 9     expresion -> expresion TKN_MAS expresion
Rule 10    expresion -> expresion TKN_MENOS expresion
Rule 11    expresion -> expresion TKN_POR expresion
Rule 12    expresion -> expresion TKN_DIV expresion
Rule 13    expresion -> expresion TKN_POTENCIA expresion
Rule 14    expresion -> expresion TKN_MOD expresion
Rule 15    expresion -> expresion TKN_IGUAL_IGUAL expresion
Rule 16    expresion -> expresion TKN_DIFERENTE expresion
Rule 17    expresion -> expresion TKN_MENOR expresion
Rule 18    expresion -> expresion TKN_MAYOR expresion
Rule 19    expresion -> expresion TKN_MENORI expresion
Rule 20    expresion -> expresion TKN_MAYORI expresion
Rule 21    expresion -> TKN_MENOS expresion
Rule 22    expresion -> TKN_PARIZQ expresion TKN_PARDER
Rule 23    expresion -> ENTERO
Rule 24    expresion -> DECIMAL
Rule 25    expresion -> CADENA
Rule 26    expresion -> CHARACTER
Rule 27    expresion -> TKN_FALSE
Rule 28    expresion -> TKN_TRUE
Rule 29    instruccion -> error TKN_PTCOMA

Terminals, with rules where they appear

CADENA               : 25
CHARACTER            : 26
DECIMAL              : 24
ENTERO               : 23
ID                   : 
TKN_AND              : 
TKN_BOOLEAN          : 
TKN_BREAK            : 
TKN_CASE             : 
TKN_CHAR             : 
TKN_COMA             : 
TKN_CONTINUE         : 
TKN_CORCHETEDER      : 
TKN_CORCHETEIZQ      : 
TKN_DECREMENTO       : 
TKN_DEFAULT          : 
TKN_DIFERENTE        : 16
TKN_DIV              : 12
TKN_DOSPUNTOS        : 
TKN_DOUBLE           : 
TKN_ELSE             : 
TKN_FALSE            : 27
TKN_FOR              : 
TKN_IF               : 
TKN_IGUAL            : 
TKN_IGUAL_IGUAL      : 15
TKN_INCREMENTO       : 
TKN_INT              : 
TKN_LENGTH           : 
TKN_LLAVEDER         : 
TKN_LLAVEIZQ         : 
TKN_MAIN             : 
TKN_MAS              : 9
TKN_MAYOR            : 18
TKN_MAYORI           : 20
TKN_MENOR            : 17
TKN_MENORI           : 19
TKN_MENOS            : 10 21
TKN_MOD              : 14
TKN_NEW              : 
TKN_NOT              : 
TKN_NULL             : 
TKN_OR               : 
TKN_PARDER           : 8 22
TKN_PARIZQ           : 8 22
TKN_POR              : 11
TKN_POTENCIA         : 13
TKN_PRINT            : 8
TKN_PTCOMA           : 4 29
TKN_PUNTO            : 
TKN_READ             : 
TKN_RETURN           : 
TKN_ROUND            : 
TKN_STRING           : 
TKN_SWITCH           : 
TKN_TOLOWER          : 
TKN_TO_UPPER         : 
TKN_TRUE             : 28
TKN_TRUNCATE         : 
TKN_TYPE_OF          : 
TKN_VOID             : 
TKN_WHILE            : 
error                : 29

Nonterminals, with rules where they appear

expresion            : 7 8 9 9 10 10 11 11 12 12 13 13 14 14 15 15 16 16 17 17 18 18 19 19 20 20 21 22
finalizacion         : 6 7
instPrint            : 6
instruccion          : 2 3
instrucciones        : 1 2
s                    : 0

Parsing method: LALR

state 0

    (0) S' -> . s
    (1) s -> . instrucciones
    (2) instrucciones -> . instrucciones instruccion
    (3) instrucciones -> . instruccion
    (6) instruccion -> . instPrint finalizacion
    (7) instruccion -> . expresion finalizacion
    (29) instruccion -> . error TKN_PTCOMA
    (8) instPrint -> . TKN_PRINT TKN_PARIZQ expresion TKN_PARDER
    (9) expresion -> . expresion TKN_MAS expresion
    (10) expresion -> . expresion TKN_MENOS expresion
    (11) expresion -> . expresion TKN_POR expresion
    (12) expresion -> . expresion TKN_DIV expresion
    (13) expresion -> . expresion TKN_POTENCIA expresion
    (14) expresion -> . expresion TKN_MOD expresion
    (15) expresion -> . expresion TKN_IGUAL_IGUAL expresion
    (16) expresion -> . expresion TKN_DIFERENTE expresion
    (17) expresion -> . expresion TKN_MENOR expresion
    (18) expresion -> . expresion TKN_MAYOR expresion
    (19) expresion -> . expresion TKN_MENORI expresion
    (20) expresion -> . expresion TKN_MAYORI expresion
    (21) expresion -> . TKN_MENOS expresion
    (22) expresion -> . TKN_PARIZQ expresion TKN_PARDER
    (23) expresion -> . ENTERO
    (24) expresion -> . DECIMAL
    (25) expresion -> . CADENA
    (26) expresion -> . CHARACTER
    (27) expresion -> . TKN_FALSE
    (28) expresion -> . TKN_TRUE

    error           shift and go to state 6
    TKN_PRINT       shift and go to state 7
    TKN_MENOS       shift and go to state 9
    TKN_PARIZQ      shift and go to state 8
    ENTERO          shift and go to state 10
    DECIMAL         shift and go to state 11
    CADENA          shift and go to state 12
    CHARACTER       shift and go to state 13
    TKN_FALSE       shift and go to state 14
    TKN_TRUE        shift and go to state 15

    s                              shift and go to state 1
    instrucciones                  shift and go to state 2
    instruccion                    shift and go to state 3
    instPrint                      shift and go to state 4
    expresion                      shift and go to state 5

state 1

    (0) S' -> s .



state 2

    (1) s -> instrucciones .
    (2) instrucciones -> instrucciones . instruccion
    (6) instruccion -> . instPrint finalizacion
    (7) instruccion -> . expresion finalizacion
    (29) instruccion -> . error TKN_PTCOMA
    (8) instPrint -> . TKN_PRINT TKN_PARIZQ expresion TKN_PARDER
    (9) expresion -> . expresion TKN_MAS expresion
    (10) expresion -> . expresion TKN_MENOS expresion
    (11) expresion -> . expresion TKN_POR expresion
    (12) expresion -> . expresion TKN_DIV expresion
    (13) expresion -> . expresion TKN_POTENCIA expresion
    (14) expresion -> . expresion TKN_MOD expresion
    (15) expresion -> . expresion TKN_IGUAL_IGUAL expresion
    (16) expresion -> . expresion TKN_DIFERENTE expresion
    (17) expresion -> . expresion TKN_MENOR expresion
    (18) expresion -> . expresion TKN_MAYOR expresion
    (19) expresion -> . expresion TKN_MENORI expresion
    (20) expresion -> . expresion TKN_MAYORI expresion
    (21) expresion -> . TKN_MENOS expresion
    (22) expresion -> . TKN_PARIZQ expresion TKN_PARDER
    (23) expresion -> . ENTERO
    (24) expresion -> . DECIMAL
    (25) expresion -> . CADENA
    (26) expresion -> . CHARACTER
    (27) expresion -> . TKN_FALSE
    (28) expresion -> . TKN_TRUE

    $end            reduce using rule 1 (s -> instrucciones .)
    error           shift and go to state 6
    TKN_PRINT       shift and go to state 7
    TKN_MENOS       shift and go to state 9
    TKN_PARIZQ      shift and go to state 8
    ENTERO          shift and go to state 10
    DECIMAL         shift and go to state 11
    CADENA          shift and go to state 12
    CHARACTER       shift and go to state 13
    TKN_FALSE       shift and go to state 14
    TKN_TRUE        shift and go to state 15

    instruccion                    shift and go to state 16
    instPrint                      shift and go to state 4
    expresion                      shift and go to state 5

state 3

    (3) instrucciones -> instruccion .

    error           reduce using rule 3 (instrucciones -> instruccion .)
    TKN_PRINT       reduce using rule 3 (instrucciones -> instruccion .)
    TKN_MENOS       reduce using rule 3 (instrucciones -> instruccion .)
    TKN_PARIZQ      reduce using rule 3 (instrucciones -> instruccion .)
    ENTERO          reduce using rule 3 (instrucciones -> instruccion .)
    DECIMAL         reduce using rule 3 (instrucciones -> instruccion .)
    CADENA          reduce using rule 3 (instrucciones -> instruccion .)
    CHARACTER       reduce using rule 3 (instrucciones -> instruccion .)
    TKN_FALSE       reduce using rule 3 (instrucciones -> instruccion .)
    TKN_TRUE        reduce using rule 3 (instrucciones -> instruccion .)
    $end            reduce using rule 3 (instrucciones -> instruccion .)


state 4

    (6) instruccion -> instPrint . finalizacion
    (4) finalizacion -> . TKN_PTCOMA
    (5) finalizacion -> .

    TKN_PTCOMA      shift and go to state 18
    error           reduce using rule 5 (finalizacion -> .)
    TKN_PRINT       reduce using rule 5 (finalizacion -> .)
    TKN_MENOS       reduce using rule 5 (finalizacion -> .)
    TKN_PARIZQ      reduce using rule 5 (finalizacion -> .)
    ENTERO          reduce using rule 5 (finalizacion -> .)
    DECIMAL         reduce using rule 5 (finalizacion -> .)
    CADENA          reduce using rule 5 (finalizacion -> .)
    CHARACTER       reduce using rule 5 (finalizacion -> .)
    TKN_FALSE       reduce using rule 5 (finalizacion -> .)
    TKN_TRUE        reduce using rule 5 (finalizacion -> .)
    $end            reduce using rule 5 (finalizacion -> .)

    finalizacion                   shift and go to state 17

state 5

    (7) instruccion -> expresion . finalizacion
    (9) expresion -> expresion . TKN_MAS expresion
    (10) expresion -> expresion . TKN_MENOS expresion
    (11) expresion -> expresion . TKN_POR expresion
    (12) expresion -> expresion . TKN_DIV expresion
    (13) expresion -> expresion . TKN_POTENCIA expresion
    (14) expresion -> expresion . TKN_MOD expresion
    (15) expresion -> expresion . TKN_IGUAL_IGUAL expresion
    (16) expresion -> expresion . TKN_DIFERENTE expresion
    (17) expresion -> expresion . TKN_MENOR expresion
    (18) expresion -> expresion . TKN_MAYOR expresion
    (19) expresion -> expresion . TKN_MENORI expresion
    (20) expresion -> expresion . TKN_MAYORI expresion
    (4) finalizacion -> . TKN_PTCOMA
    (5) finalizacion -> .

  ! shift/reduce conflict for TKN_MENOS resolved as shift
    TKN_MAS         shift and go to state 20
    TKN_MENOS       shift and go to state 21
    TKN_POR         shift and go to state 22
    TKN_DIV         shift and go to state 23
    TKN_POTENCIA    shift and go to state 24
    TKN_MOD         shift and go to state 25
    TKN_IGUAL_IGUAL shift and go to state 26
    TKN_DIFERENTE   shift and go to state 27
    TKN_MENOR       shift and go to state 28
    TKN_MAYOR       shift and go to state 29
    TKN_MENORI      shift and go to state 30
    TKN_MAYORI      shift and go to state 31
    TKN_PTCOMA      shift and go to state 18
    error           reduce using rule 5 (finalizacion -> .)
    TKN_PRINT       reduce using rule 5 (finalizacion -> .)
    TKN_PARIZQ      reduce using rule 5 (finalizacion -> .)
    ENTERO          reduce using rule 5 (finalizacion -> .)
    DECIMAL         reduce using rule 5 (finalizacion -> .)
    CADENA          reduce using rule 5 (finalizacion -> .)
    CHARACTER       reduce using rule 5 (finalizacion -> .)
    TKN_FALSE       reduce using rule 5 (finalizacion -> .)
    TKN_TRUE        reduce using rule 5 (finalizacion -> .)
    $end            reduce using rule 5 (finalizacion -> .)

  ! TKN_MENOS       [ reduce using rule 5 (finalizacion -> .) ]

    finalizacion                   shift and go to state 19

state 6

    (29) instruccion -> error . TKN_PTCOMA

    TKN_PTCOMA      shift and go to state 32


state 7

    (8) instPrint -> TKN_PRINT . TKN_PARIZQ expresion TKN_PARDER

    TKN_PARIZQ      shift and go to state 33


state 8

    (22) expresion -> TKN_PARIZQ . expresion TKN_PARDER
    (9) expresion -> . expresion TKN_MAS expresion
    (10) expresion -> . expresion TKN_MENOS expresion
    (11) expresion -> . expresion TKN_POR expresion
    (12) expresion -> . expresion TKN_DIV expresion
    (13) expresion -> . expresion TKN_POTENCIA expresion
    (14) expresion -> . expresion TKN_MOD expresion
    (15) expresion -> . expresion TKN_IGUAL_IGUAL expresion
    (16) expresion -> . expresion TKN_DIFERENTE expresion
    (17) expresion -> . expresion TKN_MENOR expresion
    (18) expresion -> . expresion TKN_MAYOR expresion
    (19) expresion -> . expresion TKN_MENORI expresion
    (20) expresion -> . expresion TKN_MAYORI expresion
    (21) expresion -> . TKN_MENOS expresion
    (22) expresion -> . TKN_PARIZQ expresion TKN_PARDER
    (23) expresion -> . ENTERO
    (24) expresion -> . DECIMAL
    (25) expresion -> . CADENA
    (26) expresion -> . CHARACTER
    (27) expresion -> . TKN_FALSE
    (28) expresion -> . TKN_TRUE

    TKN_MENOS       shift and go to state 9
    TKN_PARIZQ      shift and go to state 8
    ENTERO          shift and go to state 10
    DECIMAL         shift and go to state 11
    CADENA          shift and go to state 12
    CHARACTER       shift and go to state 13
    TKN_FALSE       shift and go to state 14
    TKN_TRUE        shift and go to state 15

    expresion                      shift and go to state 34

state 9

    (21) expresion -> TKN_MENOS . expresion
    (9) expresion -> . expresion TKN_MAS expresion
    (10) expresion -> . expresion TKN_MENOS expresion
    (11) expresion -> . expresion TKN_POR expresion
    (12) expresion -> . expresion TKN_DIV expresion
    (13) expresion -> . expresion TKN_POTENCIA expresion
    (14) expresion -> . expresion TKN_MOD expresion
    (15) expresion -> . expresion TKN_IGUAL_IGUAL expresion
    (16) expresion -> . expresion TKN_DIFERENTE expresion
    (17) expresion -> . expresion TKN_MENOR expresion
    (18) expresion -> . expresion TKN_MAYOR expresion
    (19) expresion -> . expresion TKN_MENORI expresion
    (20) expresion -> . expresion TKN_MAYORI expresion
    (21) expresion -> . TKN_MENOS expresion
    (22) expresion -> . TKN_PARIZQ expresion TKN_PARDER
    (23) expresion -> . ENTERO
    (24) expresion -> . DECIMAL
    (25) expresion -> . CADENA
    (26) expresion -> . CHARACTER
    (27) expresion -> . TKN_FALSE
    (28) expresion -> . TKN_TRUE

    TKN_MENOS       shift and go to state 9
    TKN_PARIZQ      shift and go to state 8
    ENTERO          shift and go to state 10
    DECIMAL         shift and go to state 11
    CADENA          shift and go to state 12
    CHARACTER       shift and go to state 13
    TKN_FALSE       shift and go to state 14
    TKN_TRUE        shift and go to state 15

    expresion                      shift and go to state 35

state 10

    (23) expresion -> ENTERO .

    TKN_MAS         reduce using rule 23 (expresion -> ENTERO .)
    TKN_MENOS       reduce using rule 23 (expresion -> ENTERO .)
    TKN_POR         reduce using rule 23 (expresion -> ENTERO .)
    TKN_DIV         reduce using rule 23 (expresion -> ENTERO .)
    TKN_POTENCIA    reduce using rule 23 (expresion -> ENTERO .)
    TKN_MOD         reduce using rule 23 (expresion -> ENTERO .)
    TKN_IGUAL_IGUAL reduce using rule 23 (expresion -> ENTERO .)
    TKN_DIFERENTE   reduce using rule 23 (expresion -> ENTERO .)
    TKN_MENOR       reduce using rule 23 (expresion -> ENTERO .)
    TKN_MAYOR       reduce using rule 23 (expresion -> ENTERO .)
    TKN_MENORI      reduce using rule 23 (expresion -> ENTERO .)
    TKN_MAYORI      reduce using rule 23 (expresion -> ENTERO .)
    TKN_PTCOMA      reduce using rule 23 (expresion -> ENTERO .)
    error           reduce using rule 23 (expresion -> ENTERO .)
    TKN_PRINT       reduce using rule 23 (expresion -> ENTERO .)
    TKN_PARIZQ      reduce using rule 23 (expresion -> ENTERO .)
    ENTERO          reduce using rule 23 (expresion -> ENTERO .)
    DECIMAL         reduce using rule 23 (expresion -> ENTERO .)
    CADENA          reduce using rule 23 (expresion -> ENTERO .)
    CHARACTER       reduce using rule 23 (expresion -> ENTERO .)
    TKN_FALSE       reduce using rule 23 (expresion -> ENTERO .)
    TKN_TRUE        reduce using rule 23 (expresion -> ENTERO .)
    $end            reduce using rule 23 (expresion -> ENTERO .)
    TKN_PARDER      reduce using rule 23 (expresion -> ENTERO .)


state 11

    (24) expresion -> DECIMAL .

    TKN_MAS         reduce using rule 24 (expresion -> DECIMAL .)
    TKN_MENOS       reduce using rule 24 (expresion -> DECIMAL .)
    TKN_POR         reduce using rule 24 (expresion -> DECIMAL .)
    TKN_DIV         reduce using rule 24 (expresion -> DECIMAL .)
    TKN_POTENCIA    reduce using rule 24 (expresion -> DECIMAL .)
    TKN_MOD         reduce using rule 24 (expresion -> DECIMAL .)
    TKN_IGUAL_IGUAL reduce using rule 24 (expresion -> DECIMAL .)
    TKN_DIFERENTE   reduce using rule 24 (expresion -> DECIMAL .)
    TKN_MENOR       reduce using rule 24 (expresion -> DECIMAL .)
    TKN_MAYOR       reduce using rule 24 (expresion -> DECIMAL .)
    TKN_MENORI      reduce using rule 24 (expresion -> DECIMAL .)
    TKN_MAYORI      reduce using rule 24 (expresion -> DECIMAL .)
    TKN_PTCOMA      reduce using rule 24 (expresion -> DECIMAL .)
    error           reduce using rule 24 (expresion -> DECIMAL .)
    TKN_PRINT       reduce using rule 24 (expresion -> DECIMAL .)
    TKN_PARIZQ      reduce using rule 24 (expresion -> DECIMAL .)
    ENTERO          reduce using rule 24 (expresion -> DECIMAL .)
    DECIMAL         reduce using rule 24 (expresion -> DECIMAL .)
    CADENA          reduce using rule 24 (expresion -> DECIMAL .)
    CHARACTER       reduce using rule 24 (expresion -> DECIMAL .)
    TKN_FALSE       reduce using rule 24 (expresion -> DECIMAL .)
    TKN_TRUE        reduce using rule 24 (expresion -> DECIMAL .)
    $end            reduce using rule 24 (expresion -> DECIMAL .)
    TKN_PARDER      reduce using rule 24 (expresion -> DECIMAL .)


state 12

    (25) expresion -> CADENA .

    TKN_MAS         reduce using rule 25 (expresion -> CADENA .)
    TKN_MENOS       reduce using rule 25 (expresion -> CADENA .)
    TKN_POR         reduce using rule 25 (expresion -> CADENA .)
    TKN_DIV         reduce using rule 25 (expresion -> CADENA .)
    TKN_POTENCIA    reduce using rule 25 (expresion -> CADENA .)
    TKN_MOD         reduce using rule 25 (expresion -> CADENA .)
    TKN_IGUAL_IGUAL reduce using rule 25 (expresion -> CADENA .)
    TKN_DIFERENTE   reduce using rule 25 (expresion -> CADENA .)
    TKN_MENOR       reduce using rule 25 (expresion -> CADENA .)
    TKN_MAYOR       reduce using rule 25 (expresion -> CADENA .)
    TKN_MENORI      reduce using rule 25 (expresion -> CADENA .)
    TKN_MAYORI      reduce using rule 25 (expresion -> CADENA .)
    TKN_PTCOMA      reduce using rule 25 (expresion -> CADENA .)
    error           reduce using rule 25 (expresion -> CADENA .)
    TKN_PRINT       reduce using rule 25 (expresion -> CADENA .)
    TKN_PARIZQ      reduce using rule 25 (expresion -> CADENA .)
    ENTERO          reduce using rule 25 (expresion -> CADENA .)
    DECIMAL         reduce using rule 25 (expresion -> CADENA .)
    CADENA          reduce using rule 25 (expresion -> CADENA .)
    CHARACTER       reduce using rule 25 (expresion -> CADENA .)
    TKN_FALSE       reduce using rule 25 (expresion -> CADENA .)
    TKN_TRUE        reduce using rule 25 (expresion -> CADENA .)
    $end            reduce using rule 25 (expresion -> CADENA .)
    TKN_PARDER      reduce using rule 25 (expresion -> CADENA .)


state 13

    (26) expresion -> CHARACTER .

    TKN_MAS         reduce using rule 26 (expresion -> CHARACTER .)
    TKN_MENOS       reduce using rule 26 (expresion -> CHARACTER .)
    TKN_POR         reduce using rule 26 (expresion -> CHARACTER .)
    TKN_DIV         reduce using rule 26 (expresion -> CHARACTER .)
    TKN_POTENCIA    reduce using rule 26 (expresion -> CHARACTER .)
    TKN_MOD         reduce using rule 26 (expresion -> CHARACTER .)
    TKN_IGUAL_IGUAL reduce using rule 26 (expresion -> CHARACTER .)
    TKN_DIFERENTE   reduce using rule 26 (expresion -> CHARACTER .)
    TKN_MENOR       reduce using rule 26 (expresion -> CHARACTER .)
    TKN_MAYOR       reduce using rule 26 (expresion -> CHARACTER .)
    TKN_MENORI      reduce using rule 26 (expresion -> CHARACTER .)
    TKN_MAYORI      reduce using rule 26 (expresion -> CHARACTER .)
    TKN_PTCOMA      reduce using rule 26 (expresion -> CHARACTER .)
    error           reduce using rule 26 (expresion -> CHARACTER .)
    TKN_PRINT       reduce using rule 26 (expresion -> CHARACTER .)
    TKN_PARIZQ      reduce using rule 26 (expresion -> CHARACTER .)
    ENTERO          reduce using rule 26 (expresion -> CHARACTER .)
    DECIMAL         reduce using rule 26 (expresion -> CHARACTER .)
    CADENA          reduce using rule 26 (expresion -> CHARACTER .)
    CHARACTER       reduce using rule 26 (expresion -> CHARACTER .)
    TKN_FALSE       reduce using rule 26 (expresion -> CHARACTER .)
    TKN_TRUE        reduce using rule 26 (expresion -> CHARACTER .)
    $end            reduce using rule 26 (expresion -> CHARACTER .)
    TKN_PARDER      reduce using rule 26 (expresion -> CHARACTER .)


state 14

    (27) expresion -> TKN_FALSE .

    TKN_MAS         reduce using rule 27 (expresion -> TKN_FALSE .)
    TKN_MENOS       reduce using rule 27 (expresion -> TKN_FALSE .)
    TKN_POR         reduce using rule 27 (expresion -> TKN_FALSE .)
    TKN_DIV         reduce using rule 27 (expresion -> TKN_FALSE .)
    TKN_POTENCIA    reduce using rule 27 (expresion -> TKN_FALSE .)
    TKN_MOD         reduce using rule 27 (expresion -> TKN_FALSE .)
    TKN_IGUAL_IGUAL reduce using rule 27 (expresion -> TKN_FALSE .)
    TKN_DIFERENTE   reduce using rule 27 (expresion -> TKN_FALSE .)
    TKN_MENOR       reduce using rule 27 (expresion -> TKN_FALSE .)
    TKN_MAYOR       reduce using rule 27 (expresion -> TKN_FALSE .)
    TKN_MENORI      reduce using rule 27 (expresion -> TKN_FALSE .)
    TKN_MAYORI      reduce using rule 27 (expresion -> TKN_FALSE .)
    TKN_PTCOMA      reduce using rule 27 (expresion -> TKN_FALSE .)
    error           reduce using rule 27 (expresion -> TKN_FALSE .)
    TKN_PRINT       reduce using rule 27 (expresion -> TKN_FALSE .)
    TKN_PARIZQ      reduce using rule 27 (expresion -> TKN_FALSE .)
    ENTERO          reduce using rule 27 (expresion -> TKN_FALSE .)
    DECIMAL         reduce using rule 27 (expresion -> TKN_FALSE .)
    CADENA          reduce using rule 27 (expresion -> TKN_FALSE .)
    CHARACTER       reduce using rule 27 (expresion -> TKN_FALSE .)
    TKN_FALSE       reduce using rule 27 (expresion -> TKN_FALSE .)
    TKN_TRUE        reduce using rule 27 (expresion -> TKN_FALSE .)
    $end            reduce using rule 27 (expresion -> TKN_FALSE .)
    TKN_PARDER      reduce using rule 27 (expresion -> TKN_FALSE .)


state 15

    (28) expresion -> TKN_TRUE .

    TKN_MAS         reduce using rule 28 (expresion -> TKN_TRUE .)
    TKN_MENOS       reduce using rule 28 (expresion -> TKN_TRUE .)
    TKN_POR         reduce using rule 28 (expresion -> TKN_TRUE .)
    TKN_DIV         reduce using rule 28 (expresion -> TKN_TRUE .)
    TKN_POTENCIA    reduce using rule 28 (expresion -> TKN_TRUE .)
    TKN_MOD         reduce using rule 28 (expresion -> TKN_TRUE .)
    TKN_IGUAL_IGUAL reduce using rule 28 (expresion -> TKN_TRUE .)
    TKN_DIFERENTE   reduce using rule 28 (expresion -> TKN_TRUE .)
    TKN_MENOR       reduce using rule 28 (expresion -> TKN_TRUE .)
    TKN_MAYOR       reduce using rule 28 (expresion -> TKN_TRUE .)
    TKN_MENORI      reduce using rule 28 (expresion -> TKN_TRUE .)
    TKN_MAYORI      reduce using rule 28 (expresion -> TKN_TRUE .)
    TKN_PTCOMA      reduce using rule 28 (expresion -> TKN_TRUE .)
    error           reduce using rule 28 (expresion -> TKN_TRUE .)
    TKN_PRINT       reduce using rule 28 (expresion -> TKN_TRUE .)
    TKN_PARIZQ      reduce using rule 28 (expresion -> TKN_TRUE .)
    ENTERO          reduce using rule 28 (expresion -> TKN_TRUE .)
    DECIMAL         reduce using rule 28 (expresion -> TKN_TRUE .)
    CADENA          reduce using rule 28 (expresion -> TKN_TRUE .)
    CHARACTER       reduce using rule 28 (expresion -> TKN_TRUE .)
    TKN_FALSE       reduce using rule 28 (expresion -> TKN_TRUE .)
    TKN_TRUE        reduce using rule 28 (expresion -> TKN_TRUE .)
    $end            reduce using rule 28 (expresion -> TKN_TRUE .)
    TKN_PARDER      reduce using rule 28 (expresion -> TKN_TRUE .)


state 16

    (2) instrucciones -> instrucciones instruccion .

    error           reduce using rule 2 (instrucciones -> instrucciones instruccion .)
    TKN_PRINT       reduce using rule 2 (instrucciones -> instrucciones instruccion .)
    TKN_MENOS       reduce using rule 2 (instrucciones -> instrucciones instruccion .)
    TKN_PARIZQ      reduce using rule 2 (instrucciones -> instrucciones instruccion .)
    ENTERO          reduce using rule 2 (instrucciones -> instrucciones instruccion .)
    DECIMAL         reduce using rule 2 (instrucciones -> instrucciones instruccion .)
    CADENA          reduce using rule 2 (instrucciones -> instrucciones instruccion .)
    CHARACTER       reduce using rule 2 (instrucciones -> instrucciones instruccion .)
    TKN_FALSE       reduce using rule 2 (instrucciones -> instrucciones instruccion .)
    TKN_TRUE        reduce using rule 2 (instrucciones -> instrucciones instruccion .)
    $end            reduce using rule 2 (instrucciones -> instrucciones instruccion .)


state 17

    (6) instruccion -> instPrint finalizacion .

    error           reduce using rule 6 (instruccion -> instPrint finalizacion .)
    TKN_PRINT       reduce using rule 6 (instruccion -> instPrint finalizacion .)
    TKN_MENOS       reduce using rule 6 (instruccion -> instPrint finalizacion .)
    TKN_PARIZQ      reduce using rule 6 (instruccion -> instPrint finalizacion .)
    ENTERO          reduce using rule 6 (instruccion -> instPrint finalizacion .)
    DECIMAL         reduce using rule 6 (instruccion -> instPrint finalizacion .)
    CADENA          reduce using rule 6 (instruccion -> instPrint finalizacion .)
    CHARACTER       reduce using rule 6 (instruccion -> instPrint finalizacion .)
    TKN_FALSE       reduce using rule 6 (instruccion -> instPrint finalizacion .)
    TKN_TRUE        reduce using rule 6 (instruccion -> instPrint finalizacion .)
    $end            reduce using rule 6 (instruccion -> instPrint finalizacion .)


state 18

    (4) finalizacion -> TKN_PTCOMA .

    error           reduce using rule 4 (finalizacion -> TKN_PTCOMA .)
    TKN_PRINT       reduce using rule 4 (finalizacion -> TKN_PTCOMA .)
    TKN_MENOS       reduce using rule 4 (finalizacion -> TKN_PTCOMA .)
    TKN_PARIZQ      reduce using rule 4 (finalizacion -> TKN_PTCOMA .)
    ENTERO          reduce using rule 4 (finalizacion -> TKN_PTCOMA .)
    DECIMAL         reduce using rule 4 (finalizacion -> TKN_PTCOMA .)
    CADENA          reduce using rule 4 (finalizacion -> TKN_PTCOMA .)
    CHARACTER       reduce using rule 4 (finalizacion -> TKN_PTCOMA .)
    TKN_FALSE       reduce using rule 4 (finalizacion -> TKN_PTCOMA .)
    TKN_TRUE        reduce using rule 4 (finalizacion -> TKN_PTCOMA .)
    $end            reduce using rule 4 (finalizacion -> TKN_PTCOMA .)


state 19

    (7) instruccion -> expresion finalizacion .

    error           reduce using rule 7 (instruccion -> expresion finalizacion .)
    TKN_PRINT       reduce using rule 7 (instruccion -> expresion finalizacion .)
    TKN_MENOS       reduce using rule 7 (instruccion -> expresion finalizacion .)
    TKN_PARIZQ      reduce using rule 7 (instruccion -> expresion finalizacion .)
    ENTERO          reduce using rule 7 (instruccion -> expresion finalizacion .)
    DECIMAL         reduce using rule 7 (instruccion -> expresion finalizacion .)
    CADENA          reduce using rule 7 (instruccion -> expresion finalizacion .)
    CHARACTER       reduce using rule 7 (instruccion -> expresion finalizacion .)
    TKN_FALSE       reduce using rule 7 (instruccion -> expresion finalizacion .)
    TKN_TRUE        reduce using rule 7 (instruccion -> expresion finalizacion .)
    $end            reduce using rule 7 (instruccion -> expresion finalizacion .)


state 20

    (9) expresion -> expresion TKN_MAS . expresion
    (9) expresion -> . expresion TKN_MAS expresion
    (10) expresion -> . expresion TKN_MENOS expresion
    (11) expresion -> . expresion TKN_POR expresion
    (12) expresion -> . expresion TKN_DIV expresion
    (13) expresion -> . expresion TKN_POTENCIA expresion
    (14) expresion -> . expresion TKN_MOD expresion
    (15) expresion -> . expresion TKN_IGUAL_IGUAL expresion
    (16) expresion -> . expresion TKN_DIFERENTE expresion
    (17) expresion -> . expresion TKN_MENOR expresion
    (18) expresion -> . expresion TKN_MAYOR expresion
    (19) expresion -> . expresion TKN_MENORI expresion
    (20) expresion -> . expresion TKN_MAYORI expresion
    (21) expresion -> . TKN_MENOS expresion
    (22) expresion -> . TKN_PARIZQ expresion TKN_PARDER
    (23) expresion -> . ENTERO
    (24) expresion -> . DECIMAL
    (25) expresion -> . CADENA
    (26) expresion -> . CHARACTER
    (27) expresion -> . TKN_FALSE
    (28) expresion -> . TKN_TRUE

    TKN_MENOS       shift and go to state 9
    TKN_PARIZQ      shift and go to state 8
    ENTERO          shift and go to state 10
    DECIMAL         shift and go to state 11
    CADENA          shift and go to state 12
    CHARACTER       shift and go to state 13
    TKN_FALSE       shift and go to state 14
    TKN_TRUE        shift and go to state 15

    expresion                      shift and go to state 36

state 21

    (10) expresion -> expresion TKN_MENOS . expresion
    (9) expresion -> . expresion TKN_MAS expresion
    (10) expresion -> . expresion TKN_MENOS expresion
    (11) expresion -> . expresion TKN_POR expresion
    (12) expresion -> . expresion TKN_DIV expresion
    (13) expresion -> . expresion TKN_POTENCIA expresion
    (14) expresion -> . expresion TKN_MOD expresion
    (15) expresion -> . expresion TKN_IGUAL_IGUAL expresion
    (16) expresion -> . expresion TKN_DIFERENTE expresion
    (17) expresion -> . expresion TKN_MENOR expresion
    (18) expresion -> . expresion TKN_MAYOR expresion
    (19) expresion -> . expresion TKN_MENORI expresion
    (20) expresion -> . expresion TKN_MAYORI expresion
    (21) expresion -> . TKN_MENOS expresion
    (22) expresion -> . TKN_PARIZQ expresion TKN_PARDER
    (23) expresion -> . ENTERO
    (24) expresion -> . DECIMAL
    (25) expresion -> . CADENA
    (26) expresion -> . CHARACTER
    (27) expresion -> . TKN_FALSE
    (28) expresion -> . TKN_TRUE

    TKN_MENOS       shift and go to state 9
    TKN_PARIZQ      shift and go to state 8
    ENTERO          shift and go to state 10
    DECIMAL         shift and go to state 11
    CADENA          shift and go to state 12
    CHARACTER       shift and go to state 13
    TKN_FALSE       shift and go to state 14
    TKN_TRUE        shift and go to state 15

    expresion                      shift and go to state 37

state 22

    (11) expresion -> expresion TKN_POR . expresion
    (9) expresion -> . expresion TKN_MAS expresion
    (10) expresion -> . expresion TKN_MENOS expresion
    (11) expresion -> . expresion TKN_POR expresion
    (12) expresion -> . expresion TKN_DIV expresion
    (13) expresion -> . expresion TKN_POTENCIA expresion
    (14) expresion -> . expresion TKN_MOD expresion
    (15) expresion -> . expresion TKN_IGUAL_IGUAL expresion
    (16) expresion -> . expresion TKN_DIFERENTE expresion
    (17) expresion -> . expresion TKN_MENOR expresion
    (18) expresion -> . expresion TKN_MAYOR expresion
    (19) expresion -> . expresion TKN_MENORI expresion
    (20) expresion -> . expresion TKN_MAYORI expresion
    (21) expresion -> . TKN_MENOS expresion
    (22) expresion -> . TKN_PARIZQ expresion TKN_PARDER
    (23) expresion -> . ENTERO
    (24) expresion -> . DECIMAL
    (25) expresion -> . CADENA
    (26) expresion -> . CHARACTER
    (27) expresion -> . TKN_FALSE
    (28) expresion -> . TKN_TRUE

    TKN_MENOS       shift and go to state 9
    TKN_PARIZQ      shift and go to state 8
    ENTERO          shift and go to state 10
    DECIMAL         shift and go to state 11
    CADENA          shift and go to state 12
    CHARACTER       shift and go to state 13
    TKN_FALSE       shift and go to state 14
    TKN_TRUE        shift and go to state 15

    expresion                      shift and go to state 38

state 23

    (12) expresion -> expresion TKN_DIV . expresion
    (9) expresion -> . expresion TKN_MAS expresion
    (10) expresion -> . expresion TKN_MENOS expresion
    (11) expresion -> . expresion TKN_POR expresion
    (12) expresion -> . expresion TKN_DIV expresion
    (13) expresion -> . expresion TKN_POTENCIA expresion
    (14) expresion -> . expresion TKN_MOD expresion
    (15) expresion -> . expresion TKN_IGUAL_IGUAL expresion
    (16) expresion -> . expresion TKN_DIFERENTE expresion
    (17) expresion -> . expresion TKN_MENOR expresion
    (18) expresion -> . expresion TKN_MAYOR expresion
    (19) expresion -> . expresion TKN_MENORI expresion
    (20) expresion -> . expresion TKN_MAYORI expresion
    (21) expresion -> . TKN_MENOS expresion
    (22) expresion -> . TKN_PARIZQ expresion TKN_PARDER
    (23) expresion -> . ENTERO
    (24) expresion -> . DECIMAL
    (25) expresion -> . CADENA
    (26) expresion -> . CHARACTER
    (27) expresion -> . TKN_FALSE
    (28) expresion -> . TKN_TRUE

    TKN_MENOS       shift and go to state 9
    TKN_PARIZQ      shift and go to state 8
    ENTERO          shift and go to state 10
    DECIMAL         shift and go to state 11
    CADENA          shift and go to state 12
    CHARACTER       shift and go to state 13
    TKN_FALSE       shift and go to state 14
    TKN_TRUE        shift and go to state 15

    expresion                      shift and go to state 39

state 24

    (13) expresion -> expresion TKN_POTENCIA . expresion
    (9) expresion -> . expresion TKN_MAS expresion
    (10) expresion -> . expresion TKN_MENOS expresion
    (11) expresion -> . expresion TKN_POR expresion
    (12) expresion -> . expresion TKN_DIV expresion
    (13) expresion -> . expresion TKN_POTENCIA expresion
    (14) expresion -> . expresion TKN_MOD expresion
    (15) expresion -> . expresion TKN_IGUAL_IGUAL expresion
    (16) expresion -> . expresion TKN_DIFERENTE expresion
    (17) expresion -> . expresion TKN_MENOR expresion
    (18) expresion -> . expresion TKN_MAYOR expresion
    (19) expresion -> . expresion TKN_MENORI expresion
    (20) expresion -> . expresion TKN_MAYORI expresion
    (21) expresion -> . TKN_MENOS expresion
    (22) expresion -> . TKN_PARIZQ expresion TKN_PARDER
    (23) expresion -> . ENTERO
    (24) expresion -> . DECIMAL
    (25) expresion -> . CADENA
    (26) expresion -> . CHARACTER
    (27) expresion -> . TKN_FALSE
    (28) expresion -> . TKN_TRUE

    TKN_MENOS       shift and go to state 9
    TKN_PARIZQ      shift and go to state 8
    ENTERO          shift and go to state 10
    DECIMAL         shift and go to state 11
    CADENA          shift and go to state 12
    CHARACTER       shift and go to state 13
    TKN_FALSE       shift and go to state 14
    TKN_TRUE        shift and go to state 15

    expresion                      shift and go to state 40

state 25

    (14) expresion -> expresion TKN_MOD . expresion
    (9) expresion -> . expresion TKN_MAS expresion
    (10) expresion -> . expresion TKN_MENOS expresion
    (11) expresion -> . expresion TKN_POR expresion
    (12) expresion -> . expresion TKN_DIV expresion
    (13) expresion -> . expresion TKN_POTENCIA expresion
    (14) expresion -> . expresion TKN_MOD expresion
    (15) expresion -> . expresion TKN_IGUAL_IGUAL expresion
    (16) expresion -> . expresion TKN_DIFERENTE expresion
    (17) expresion -> . expresion TKN_MENOR expresion
    (18) expresion -> . expresion TKN_MAYOR expresion
    (19) expresion -> . expresion TKN_MENORI expresion
    (20) expresion -> . expresion TKN_MAYORI expresion
    (21) expresion -> . TKN_MENOS expresion
    (22) expresion -> . TKN_PARIZQ expresion TKN_PARDER
    (23) expresion -> . ENTERO
    (24) expresion -> . DECIMAL
    (25) expresion -> . CADENA
    (26) expresion -> . CHARACTER
    (27) expresion -> . TKN_FALSE
    (28) expresion -> . TKN_TRUE

    TKN_MENOS       shift and go to state 9
    TKN_PARIZQ      shift and go to state 8
    ENTERO          shift and go to state 10
    DECIMAL         shift and go to state 11
    CADENA          shift and go to state 12
    CHARACTER       shift and go to state 13
    TKN_FALSE       shift and go to state 14
    TKN_TRUE        shift and go to state 15

    expresion                      shift and go to state 41

state 26

    (15) expresion -> expresion TKN_IGUAL_IGUAL . expresion
    (9) expresion -> . expresion TKN_MAS expresion
    (10) expresion -> . expresion TKN_MENOS expresion
    (11) expresion -> . expresion TKN_POR expresion
    (12) expresion -> . expresion TKN_DIV expresion
    (13) expresion -> . expresion TKN_POTENCIA expresion
    (14) expresion -> . expresion TKN_MOD expresion
    (15) expresion -> . expresion TKN_IGUAL_IGUAL expresion
    (16) expresion -> . expresion TKN_DIFERENTE expresion
    (17) expresion -> . expresion TKN_MENOR expresion
    (18) expresion -> . expresion TKN_MAYOR expresion
    (19) expresion -> . expresion TKN_MENORI expresion
    (20) expresion -> . expresion TKN_MAYORI expresion
    (21) expresion -> . TKN_MENOS expresion
    (22) expresion -> . TKN_PARIZQ expresion TKN_PARDER
    (23) expresion -> . ENTERO
    (24) expresion -> . DECIMAL
    (25) expresion -> . CADENA
    (26) expresion -> . CHARACTER
    (27) expresion -> . TKN_FALSE
    (28) expresion -> . TKN_TRUE

    TKN_MENOS       shift and go to state 9
    TKN_PARIZQ      shift and go to state 8
    ENTERO          shift and go to state 10
    DECIMAL         shift and go to state 11
    CADENA          shift and go to state 12
    CHARACTER       shift and go to state 13
    TKN_FALSE       shift and go to state 14
    TKN_TRUE        shift and go to state 15

    expresion                      shift and go to state 42

state 27

    (16) expresion -> expresion TKN_DIFERENTE . expresion
    (9) expresion -> . expresion TKN_MAS expresion
    (10) expresion -> . expresion TKN_MENOS expresion
    (11) expresion -> . expresion TKN_POR expresion
    (12) expresion -> . expresion TKN_DIV expresion
    (13) expresion -> . expresion TKN_POTENCIA expresion
    (14) expresion -> . expresion TKN_MOD expresion
    (15) expresion -> . expresion TKN_IGUAL_IGUAL expresion
    (16) expresion -> . expresion TKN_DIFERENTE expresion
    (17) expresion -> . expresion TKN_MENOR expresion
    (18) expresion -> . expresion TKN_MAYOR expresion
    (19) expresion -> . expresion TKN_MENORI expresion
    (20) expresion -> . expresion TKN_MAYORI expresion
    (21) expresion -> . TKN_MENOS expresion
    (22) expresion -> . TKN_PARIZQ expresion TKN_PARDER
    (23) expresion -> . ENTERO
    (24) expresion -> . DECIMAL
    (25) expresion -> . CADENA
    (26) expresion -> . CHARACTER
    (27) expresion -> . TKN_FALSE
    (28) expresion -> . TKN_TRUE

    TKN_MENOS       shift and go to state 9
    TKN_PARIZQ      shift and go to state 8
    ENTERO          shift and go to state 10
    DECIMAL         shift and go to state 11
    CADENA          shift and go to state 12
    CHARACTER       shift and go to state 13
    TKN_FALSE       shift and go to state 14
    TKN_TRUE        shift and go to state 15

    expresion                      shift and go to state 43

state 28

    (17) expresion -> expresion TKN_MENOR . expresion
    (9) expresion -> . expresion TKN_MAS expresion
    (10) expresion -> . expresion TKN_MENOS expresion
    (11) expresion -> . expresion TKN_POR expresion
    (12) expresion -> . expresion TKN_DIV expresion
    (13) expresion -> . expresion TKN_POTENCIA expresion
    (14) expresion -> . expresion TKN_MOD expresion
    (15) expresion -> . expresion TKN_IGUAL_IGUAL expresion
    (16) expresion -> . expresion TKN_DIFERENTE expresion
    (17) expresion -> . expresion TKN_MENOR expresion
    (18) expresion -> . expresion TKN_MAYOR expresion
    (19) expresion -> . expresion TKN_MENORI expresion
    (20) expresion -> . expresion TKN_MAYORI expresion
    (21) expresion -> . TKN_MENOS expresion
    (22) expresion -> . TKN_PARIZQ expresion TKN_PARDER
    (23) expresion -> . ENTERO
    (24) expresion -> . DECIMAL
    (25) expresion -> . CADENA
    (26) expresion -> . CHARACTER
    (27) expresion -> . TKN_FALSE
    (28) expresion -> . TKN_TRUE

    TKN_MENOS       shift and go to state 9
    TKN_PARIZQ      shift and go to state 8
    ENTERO          shift and go to state 10
    DECIMAL         shift and go to state 11
    CADENA          shift and go to state 12
    CHARACTER       shift and go to state 13
    TKN_FALSE       shift and go to state 14
    TKN_TRUE        shift and go to state 15

    expresion                      shift and go to state 44

state 29

    (18) expresion -> expresion TKN_MAYOR . expresion
    (9) expresion -> . expresion TKN_MAS expresion
    (10) expresion -> . expresion TKN_MENOS expresion
    (11) expresion -> . expresion TKN_POR expresion
    (12) expresion -> . expresion TKN_DIV expresion
    (13) expresion -> . expresion TKN_POTENCIA expresion
    (14) expresion -> . expresion TKN_MOD expresion
    (15) expresion -> . expresion TKN_IGUAL_IGUAL expresion
    (16) expresion -> . expresion TKN_DIFERENTE expresion
    (17) expresion -> . expresion TKN_MENOR expresion
    (18) expresion -> . expresion TKN_MAYOR expresion
    (19) expresion -> . expresion TKN_MENORI expresion
    (20) expresion -> . expresion TKN_MAYORI expresion
    (21) expresion -> . TKN_MENOS expresion
    (22) expresion -> . TKN_PARIZQ expresion TKN_PARDER
    (23) expresion -> . ENTERO
    (24) expresion -> . DECIMAL
    (25) expresion -> . CADENA
    (26) expresion -> . CHARACTER
    (27) expresion -> . TKN_FALSE
    (28) expresion -> . TKN_TRUE

    TKN_MENOS       shift and go to state 9
    TKN_PARIZQ      shift and go to state 8
    ENTERO          shift and go to state 10
    DECIMAL         shift and go to state 11
    CADENA          shift and go to state 12
    CHARACTER       shift and go to state 13
    TKN_FALSE       shift and go to state 14
    TKN_TRUE        shift and go to state 15

    expresion                      shift and go to state 45

state 30

    (19) expresion -> expresion TKN_MENORI . expresion
    (9) expresion -> . expresion TKN_MAS expresion
    (10) expresion -> . expresion TKN_MENOS expresion
    (11) expresion -> . expresion TKN_POR expresion
    (12) expresion -> . expresion TKN_DIV expresion
    (13) expresion -> . expresion TKN_POTENCIA expresion
    (14) expresion -> . expresion TKN_MOD expresion
    (15) expresion -> . expresion TKN_IGUAL_IGUAL expresion
    (16) expresion -> . expresion TKN_DIFERENTE expresion
    (17) expresion -> . expresion TKN_MENOR expresion
    (18) expresion -> . expresion TKN_MAYOR expresion
    (19) expresion -> . expresion TKN_MENORI expresion
    (20) expresion -> . expresion TKN_MAYORI expresion
    (21) expresion -> . TKN_MENOS expresion
    (22) expresion -> . TKN_PARIZQ expresion TKN_PARDER
    (23) expresion -> . ENTERO
    (24) expresion -> . DECIMAL
    (25) expresion -> . CADENA
    (26) expresion -> . CHARACTER
    (27) expresion -> . TKN_FALSE
    (28) expresion -> . TKN_TRUE

    TKN_MENOS       shift and go to state 9
    TKN_PARIZQ      shift and go to state 8
    ENTERO          shift and go to state 10
    DECIMAL         shift and go to state 11
    CADENA          shift and go to state 12
    CHARACTER       shift and go to state 13
    TKN_FALSE       shift and go to state 14
    TKN_TRUE        shift and go to state 15

    expresion                      shift and go to state 46

state 31

    (20) expresion -> expresion TKN_MAYORI . expresion
    (9) expresion -> . expresion TKN_MAS expresion
    (10) expresion -> . expresion TKN_MENOS expresion
    (11) expresion -> . expresion TKN_POR expresion
    (12) expresion -> . expresion TKN_DIV expresion
    (13) expresion -> . expresion TKN_POTENCIA expresion
    (14) expresion -> . expresion TKN_MOD expresion
    (15) expresion -> . expresion TKN_IGUAL_IGUAL expresion
    (16) expresion -> . expresion TKN_DIFERENTE expresion
    (17) expresion -> . expresion TKN_MENOR expresion
    (18) expresion -> . expresion TKN_MAYOR expresion
    (19) expresion -> . expresion TKN_MENORI expresion
    (20) expresion -> . expresion TKN_MAYORI expresion
    (21) expresion -> . TKN_MENOS expresion
    (22) expresion -> . TKN_PARIZQ expresion TKN_PARDER
    (23) expresion -> . ENTERO
    (24) expresion -> . DECIMAL
    (25) expresion -> . CADENA
    (26) expresion -> . CHARACTER
    (27) expresion -> . TKN_FALSE
    (28) expresion -> . TKN_TRUE

    TKN_MENOS       shift and go to state 9
    TKN_PARIZQ      shift and go to state 8
    ENTERO          shift and go to state 10
    DECIMAL         shift and go to state 11
    CADENA          shift and go to state 12
    CHARACTER       shift and go to state 13
    TKN_FALSE       shift and go to state 14
    TKN_TRUE        shift and go to state 15

    expresion                      shift and go to state 47

state 32

    (29) instruccion -> error TKN_PTCOMA .

    error           reduce using rule 29 (instruccion -> error TKN_PTCOMA .)
    TKN_PRINT       reduce using rule 29 (instruccion -> error TKN_PTCOMA .)
    TKN_MENOS       reduce using rule 29 (instruccion -> error TKN_PTCOMA .)
    TKN_PARIZQ      reduce using rule 29 (instruccion -> error TKN_PTCOMA .)
    ENTERO          reduce using rule 29 (instruccion -> error TKN_PTCOMA .)
    DECIMAL         reduce using rule 29 (instruccion -> error TKN_PTCOMA .)
    CADENA          reduce using rule 29 (instruccion -> error TKN_PTCOMA .)
    CHARACTER       reduce using rule 29 (instruccion -> error TKN_PTCOMA .)
    TKN_FALSE       reduce using rule 29 (instruccion -> error TKN_PTCOMA .)
    TKN_TRUE        reduce using rule 29 (instruccion -> error TKN_PTCOMA .)
    $end            reduce using rule 29 (instruccion -> error TKN_PTCOMA .)


state 33

    (8) instPrint -> TKN_PRINT TKN_PARIZQ . expresion TKN_PARDER
    (9) expresion -> . expresion TKN_MAS expresion
    (10) expresion -> . expresion TKN_MENOS expresion
    (11) expresion -> . expresion TKN_POR expresion
    (12) expresion -> . expresion TKN_DIV expresion
    (13) expresion -> . expresion TKN_POTENCIA expresion
    (14) expresion -> . expresion TKN_MOD expresion
    (15) expresion -> . expresion TKN_IGUAL_IGUAL expresion
    (16) expresion -> . expresion TKN_DIFERENTE expresion
    (17) expresion -> . expresion TKN_MENOR expresion
    (18) expresion -> . expresion TKN_MAYOR expresion
    (19) expresion -> . expresion TKN_MENORI expresion
    (20) expresion -> . expresion TKN_MAYORI expresion
    (21) expresion -> . TKN_MENOS expresion
    (22) expresion -> . TKN_PARIZQ expresion TKN_PARDER
    (23) expresion -> . ENTERO
    (24) expresion -> . DECIMAL
    (25) expresion -> . CADENA
    (26) expresion -> . CHARACTER
    (27) expresion -> . TKN_FALSE
    (28) expresion -> . TKN_TRUE

    TKN_MENOS       shift and go to state 9
    TKN_PARIZQ      shift and go to state 8
    ENTERO          shift and go to state 10
    DECIMAL         shift and go to state 11
    CADENA          shift and go to state 12
    CHARACTER       shift and go to state 13
    TKN_FALSE       shift and go to state 14
    TKN_TRUE        shift and go to state 15

    expresion                      shift and go to state 48

state 34

    (22) expresion -> TKN_PARIZQ expresion . TKN_PARDER
    (9) expresion -> expresion . TKN_MAS expresion
    (10) expresion -> expresion . TKN_MENOS expresion
    (11) expresion -> expresion . TKN_POR expresion
    (12) expresion -> expresion . TKN_DIV expresion
    (13) expresion -> expresion . TKN_POTENCIA expresion
    (14) expresion -> expresion . TKN_MOD expresion
    (15) expresion -> expresion . TKN_IGUAL_IGUAL expresion
    (16) expresion -> expresion . TKN_DIFERENTE expresion
    (17) expresion -> expresion . TKN_MENOR expresion
    (18) expresion -> expresion . TKN_MAYOR expresion
    (19) expresion -> expresion . TKN_MENORI expresion
    (20) expresion -> expresion . TKN_MAYORI expresion

    TKN_PARDER      shift and go to state 49
    TKN_MAS         shift and go to state 20
    TKN_MENOS       shift and go to state 21
    TKN_POR         shift and go to state 22
    TKN_DIV         shift and go to state 23
    TKN_POTENCIA    shift and go to state 24
    TKN_MOD         shift and go to state 25
    TKN_IGUAL_IGUAL shift and go to state 26
    TKN_DIFERENTE   shift and go to state 27
    TKN_MENOR       shift and go to state 28
    TKN_MAYOR       shift and go to state 29
    TKN_MENORI      shift and go to state 30
    TKN_MAYORI      shift and go to state 31


state 35

    (21) expresion -> TKN_MENOS expresion .
    (9) expresion -> expresion . TKN_MAS expresion
    (10) expresion -> expresion . TKN_MENOS expresion
    (11) expresion -> expresion . TKN_POR expresion
    (12) expresion -> expresion . TKN_DIV expresion
    (13) expresion -> expresion . TKN_POTENCIA expresion
    (14) expresion -> expresion . TKN_MOD expresion
    (15) expresion -> expresion . TKN_IGUAL_IGUAL expresion
    (16) expresion -> expresion . TKN_DIFERENTE expresion
    (17) expresion -> expresion . TKN_MENOR expresion
    (18) expresion -> expresion . TKN_MAYOR expresion
    (19) expresion -> expresion . TKN_MENORI expresion
    (20) expresion -> expresion . TKN_MAYORI expresion

    TKN_MAS         reduce using rule 21 (expresion -> TKN_MENOS expresion .)
    TKN_MENOS       reduce using rule 21 (expresion -> TKN_MENOS expresion .)
    TKN_POR         reduce using rule 21 (expresion -> TKN_MENOS expresion .)
    TKN_DIV         reduce using rule 21 (expresion -> TKN_MENOS expresion .)
    TKN_POTENCIA    reduce using rule 21 (expresion -> TKN_MENOS expresion .)
    TKN_MOD         reduce using rule 21 (expresion -> TKN_MENOS expresion .)
    TKN_PTCOMA      reduce using rule 21 (expresion -> TKN_MENOS expresion .)
    error           reduce using rule 21 (expresion -> TKN_MENOS expresion .)
    TKN_PRINT       reduce using rule 21 (expresion -> TKN_MENOS expresion .)
    TKN_PARIZQ      reduce using rule 21 (expresion -> TKN_MENOS expresion .)
    ENTERO          reduce using rule 21 (expresion -> TKN_MENOS expresion .)
    DECIMAL         reduce using rule 21 (expresion -> TKN_MENOS expresion .)
    CADENA          reduce using rule 21 (expresion -> TKN_MENOS expresion .)
    CHARACTER       reduce using rule 21 (expresion -> TKN_MENOS expresion .)
    TKN_FALSE       reduce using rule 21 (expresion -> TKN_MENOS expresion .)
    TKN_TRUE        reduce using rule 21 (expresion -> TKN_MENOS expresion .)
    $end            reduce using rule 21 (expresion -> TKN_MENOS expresion .)
    TKN_PARDER      reduce using rule 21 (expresion -> TKN_MENOS expresion .)
    TKN_IGUAL_IGUAL shift and go to state 26
    TKN_DIFERENTE   shift and go to state 27
    TKN_MENOR       shift and go to state 28
    TKN_MAYOR       shift and go to state 29
    TKN_MENORI      shift and go to state 30
    TKN_MAYORI      shift and go to state 31

  ! TKN_IGUAL_IGUAL [ reduce using rule 21 (expresion -> TKN_MENOS expresion .) ]
  ! TKN_DIFERENTE   [ reduce using rule 21 (expresion -> TKN_MENOS expresion .) ]
  ! TKN_MENOR       [ reduce using rule 21 (expresion -> TKN_MENOS expresion .) ]
  ! TKN_MAYOR       [ reduce using rule 21 (expresion -> TKN_MENOS expresion .) ]
  ! TKN_MENORI      [ reduce using rule 21 (expresion -> TKN_MENOS expresion .) ]
  ! TKN_MAYORI      [ reduce using rule 21 (expresion -> TKN_MENOS expresion .) ]
  ! TKN_MAS         [ shift and go to state 20 ]
  ! TKN_MENOS       [ shift and go to state 21 ]
  ! TKN_POR         [ shift and go to state 22 ]
  ! TKN_DIV         [ shift and go to state 23 ]
  ! TKN_POTENCIA    [ shift and go to state 24 ]
  ! TKN_MOD         [ shift and go to state 25 ]


state 36

    (9) expresion -> expresion TKN_MAS expresion .
    (9) expresion -> expresion . TKN_MAS expresion
    (10) expresion -> expresion . TKN_MENOS expresion
    (11) expresion -> expresion . TKN_POR expresion
    (12) expresion -> expresion . TKN_DIV expresion
    (13) expresion -> expresion . TKN_POTENCIA expresion
    (14) expresion -> expresion . TKN_MOD expresion
    (15) expresion -> expresion . TKN_IGUAL_IGUAL expresion
    (16) expresion -> expresion . TKN_DIFERENTE expresion
    (17) expresion -> expresion . TKN_MENOR expresion
    (18) expresion -> expresion . TKN_MAYOR expresion
    (19) expresion -> expresion . TKN_MENORI expresion
    (20) expresion -> expresion . TKN_MAYORI expresion

    TKN_MAS         reduce using rule 9 (expresion -> expresion TKN_MAS expresion .)
    TKN_MENOS       reduce using rule 9 (expresion -> expresion TKN_MAS expresion .)
    TKN_PTCOMA      reduce using rule 9 (expresion -> expresion TKN_MAS expresion .)
    error           reduce using rule 9 (expresion -> expresion TKN_MAS expresion .)
    TKN_PRINT       reduce using rule 9 (expresion -> expresion TKN_MAS expresion .)
    TKN_PARIZQ      reduce using rule 9 (expresion -> expresion TKN_MAS expresion .)
    ENTERO          reduce using rule 9 (expresion -> expresion TKN_MAS expresion .)
    DECIMAL         reduce using rule 9 (expresion -> expresion TKN_MAS expresion .)
    CADENA          reduce using rule 9 (expresion -> expresion TKN_MAS expresion .)
    CHARACTER       reduce using rule 9 (expresion -> expresion TKN_MAS expresion .)
    TKN_FALSE       reduce using rule 9 (expresion -> expresion TKN_MAS expresion .)
    TKN_TRUE        reduce using rule 9 (expresion -> expresion TKN_MAS expresion .)
    $end            reduce using rule 9 (expresion -> expresion TKN_MAS expresion .)
    TKN_PARDER      reduce using rule 9 (expresion -> expresion TKN_MAS expresion .)
    TKN_POR         shift and go to state 22
    TKN_DIV         shift and go to state 23
    TKN_POTENCIA    shift and go to state 24
    TKN_MOD         shift and go to state 25
    TKN_IGUAL_IGUAL shift and go to state 26
    TKN_DIFERENTE   shift and go to state 27
    TKN_MENOR       shift and go to state 28
    TKN_MAYOR       shift and go to state 29
    TKN_MENORI      shift and go to state 30
    TKN_MAYORI      shift and go to state 31

  ! TKN_POR         [ reduce using rule 9 (expresion -> expresion TKN_MAS expresion .) ]
  ! TKN_DIV         [ reduce using rule 9 (expresion -> expresion TKN_MAS expresion .) ]
  ! TKN_POTENCIA    [ reduce using rule 9 (expresion -> expresion TKN_MAS expresion .) ]
  ! TKN_MOD         [ reduce using rule 9 (expresion -> expresion TKN_MAS expresion .) ]
  ! TKN_IGUAL_IGUAL [ reduce using rule 9 (expresion -> expresion TKN_MAS expresion .) ]
  ! TKN_DIFERENTE   [ reduce using rule 9 (expresion -> expresion TKN_MAS expresion .) ]
  ! TKN_MENOR       [ reduce using rule 9 (expresion -> expresion TKN_MAS expresion .) ]
  ! TKN_MAYOR       [ reduce using rule 9 (expresion -> expresion TKN_MAS expresion .) ]
  ! TKN_MENORI      [ reduce using rule 9 (expresion -> expresion TKN_MAS expresion .) ]
  ! TKN_MAYORI      [ reduce using rule 9 (expresion -> expresion TKN_MAS expresion .) ]
  ! TKN_MAS         [ shift and go to state 20 ]
  ! TKN_MENOS       [ shift and go to state 21 ]


state 37

    (10) expresion -> expresion TKN_MENOS expresion .
    (9) expresion -> expresion . TKN_MAS expresion
    (10) expresion -> expresion . TKN_MENOS expresion
    (11) expresion -> expresion . TKN_POR expresion
    (12) expresion -> expresion . TKN_DIV expresion
    (13) expresion -> expresion . TKN_POTENCIA expresion
    (14) expresion -> expresion . TKN_MOD expresion
    (15) expresion -> expresion . TKN_IGUAL_IGUAL expresion
    (16) expresion -> expresion . TKN_DIFERENTE expresion
    (17) expresion -> expresion . TKN_MENOR expresion
    (18) expresion -> expresion . TKN_MAYOR expresion
    (19) expresion -> expresion . TKN_MENORI expresion
    (20) expresion -> expresion . TKN_MAYORI expresion

    TKN_MAS         reduce using rule 10 (expresion -> expresion TKN_MENOS expresion .)
    TKN_MENOS       reduce using rule 10 (expresion -> expresion TKN_MENOS expresion .)
    TKN_PTCOMA      reduce using rule 10 (expresion -> expresion TKN_MENOS expresion .)
    error           reduce using rule 10 (expresion -> expresion TKN_MENOS expresion .)
    TKN_PRINT       reduce using rule 10 (expresion -> expresion TKN_MENOS expresion .)
    TKN_PARIZQ      reduce using rule 10 (expresion -> expresion TKN_MENOS expresion .)
    ENTERO          reduce using rule 10 (expresion -> expresion TKN_MENOS expresion .)
    DECIMAL         reduce using rule 10 (expresion -> expresion TKN_MENOS expresion .)
    CADENA          reduce using rule 10 (expresion -> expresion TKN_MENOS expresion .)
    CHARACTER       reduce using rule 10 (expresion -> expresion TKN_MENOS expresion .)
    TKN_FALSE       reduce using rule 10 (expresion -> expresion TKN_MENOS expresion .)
    TKN_TRUE        reduce using rule 10 (expresion -> expresion TKN_MENOS expresion .)
    $end            reduce using rule 10 (expresion -> expresion TKN_MENOS expresion .)
    TKN_PARDER      reduce using rule 10 (expresion -> expresion TKN_MENOS expresion .)
    TKN_POR         shift and go to state 22
    TKN_DIV         shift and go to state 23
    TKN_POTENCIA    shift and go to state 24
    TKN_MOD         shift and go to state 25
    TKN_IGUAL_IGUAL shift and go to state 26
    TKN_DIFERENTE   shift and go to state 27
    TKN_MENOR       shift and go to state 28
    TKN_MAYOR       shift and go to state 29
    TKN_MENORI      shift and go to state 30
    TKN_MAYORI      shift and go to state 31

  ! TKN_POR         [ reduce using rule 10 (expresion -> expresion TKN_MENOS expresion .) ]
  ! TKN_DIV         [ reduce using rule 10 (expresion -> expresion TKN_MENOS expresion .) ]
  ! TKN_POTENCIA    [ reduce using rule 10 (expresion -> expresion TKN_MENOS expresion .) ]
  ! TKN_MOD         [ reduce using rule 10 (expresion -> expresion TKN_MENOS expresion .) ]
  ! TKN_IGUAL_IGUAL [ reduce using rule 10 (expresion -> expresion TKN_MENOS expresion .) ]
  ! TKN_DIFERENTE   [ reduce using rule 10 (expresion -> expresion TKN_MENOS expresion .) ]
  ! TKN_MENOR       [ reduce using rule 10 (expresion -> expresion TKN_MENOS expresion .) ]
  ! TKN_MAYOR       [ reduce using rule 10 (expresion -> expresion TKN_MENOS expresion .) ]
  ! TKN_MENORI      [ reduce using rule 10 (expresion -> expresion TKN_MENOS expresion .) ]
  ! TKN_MAYORI      [ reduce using rule 10 (expresion -> expresion TKN_MENOS expresion .) ]
  ! TKN_MAS         [ shift and go to state 20 ]
  ! TKN_MENOS       [ shift and go to state 21 ]


state 38

    (11) expresion -> expresion TKN_POR expresion .
    (9) expresion -> expresion . TKN_MAS expresion
    (10) expresion -> expresion . TKN_MENOS expresion
    (11) expresion -> expresion . TKN_POR expresion
    (12) expresion -> expresion . TKN_DIV expresion
    (13) expresion -> expresion . TKN_POTENCIA expresion
    (14) expresion -> expresion . TKN_MOD expresion
    (15) expresion -> expresion . TKN_IGUAL_IGUAL expresion
    (16) expresion -> expresion . TKN_DIFERENTE expresion
    (17) expresion -> expresion . TKN_MENOR expresion
    (18) expresion -> expresion . TKN_MAYOR expresion
    (19) expresion -> expresion . TKN_MENORI expresion
    (20) expresion -> expresion . TKN_MAYORI expresion

    TKN_MAS         reduce using rule 11 (expresion -> expresion TKN_POR expresion .)
    TKN_MENOS       reduce using rule 11 (expresion -> expresion TKN_POR expresion .)
    TKN_POR         reduce using rule 11 (expresion -> expresion TKN_POR expresion .)
    TKN_DIV         reduce using rule 11 (expresion -> expresion TKN_POR expresion .)
    TKN_MOD         reduce using rule 11 (expresion -> expresion TKN_POR expresion .)
    TKN_PTCOMA      reduce using rule 11 (expresion -> expresion TKN_POR expresion .)
    error           reduce using rule 11 (expresion -> expresion TKN_POR expresion .)
    TKN_PRINT       reduce using rule 11 (expresion -> expresion TKN_POR expresion .)
    TKN_PARIZQ      reduce using rule 11 (expresion -> expresion TKN_POR expresion .)
    ENTERO          reduce using rule 11 (expresion -> expresion TKN_POR expresion .)
    DECIMAL         reduce using rule 11 (expresion -> expresion TKN_POR expresion .)
    CADENA          reduce using rule 11 (expresion -> expresion TKN_POR expresion .)
    CHARACTER       reduce using rule 11 (expresion -> expresion TKN_POR expresion .)
    TKN_FALSE       reduce using rule 11 (expresion -> expresion TKN_POR expresion .)
    TKN_TRUE        reduce using rule 11 (expresion -> expresion TKN_POR expresion .)
    $end            reduce using rule 11 (expresion -> expresion TKN_POR expresion .)
    TKN_PARDER      reduce using rule 11 (expresion -> expresion TKN_POR expresion .)
    TKN_POTENCIA    shift and go to state 24
    TKN_IGUAL_IGUAL shift and go to state 26
    TKN_DIFERENTE   shift and go to state 27
    TKN_MENOR       shift and go to state 28
    TKN_MAYOR       shift and go to state 29
    TKN_MENORI      shift and go to state 30
    TKN_MAYORI      shift and go to state 31

  ! TKN_POTENCIA    [ reduce using rule 11 (expresion -> expresion TKN_POR expresion .) ]
  ! TKN_IGUAL_IGUAL [ reduce using rule 11 (expresion -> expresion TKN_POR expresion .) ]
  ! TKN_DIFERENTE   [ reduce using rule 11 (expresion -> expresion TKN_POR expresion .) ]
  ! TKN_MENOR       [ reduce using rule 11 (expresion -> expresion TKN_POR expresion .) ]
  ! TKN_MAYOR       [ reduce using rule 11 (expresion -> expresion TKN_POR expresion .) ]
  ! TKN_MENORI      [ reduce using rule 11 (expresion -> expresion TKN_POR expresion .) ]
  ! TKN_MAYORI      [ reduce using rule 11 (expresion -> expresion TKN_POR expresion .) ]
  ! TKN_MAS         [ shift and go to state 20 ]
  ! TKN_MENOS       [ shift and go to state 21 ]
  ! TKN_POR         [ shift and go to state 22 ]
  ! TKN_DIV         [ shift and go to state 23 ]
  ! TKN_MOD         [ shift and go to state 25 ]


state 39

    (12) expresion -> expresion TKN_DIV expresion .
    (9) expresion -> expresion . TKN_MAS expresion
    (10) expresion -> expresion . TKN_MENOS expresion
    (11) expresion -> expresion . TKN_POR expresion
    (12) expresion -> expresion . TKN_DIV expresion
    (13) expresion -> expresion . TKN_POTENCIA expresion
    (14) expresion -> expresion . TKN_MOD expresion
    (15) expresion -> expresion . TKN_IGUAL_IGUAL expresion
    (16) expresion -> expresion . TKN_DIFERENTE expresion
    (17) expresion -> expresion . TKN_MENOR expresion
    (18) expresion -> expresion . TKN_MAYOR expresion
    (19) expresion -> expresion . TKN_MENORI expresion
    (20) expresion -> expresion . TKN_MAYORI expresion

    TKN_MAS         reduce using rule 12 (expresion -> expresion TKN_DIV expresion .)
    TKN_MENOS       reduce using rule 12 (expresion -> expresion TKN_DIV expresion .)
    TKN_POR         reduce using rule 12 (expresion -> expresion TKN_DIV expresion .)
    TKN_DIV         reduce using rule 12 (expresion -> expresion TKN_DIV expresion .)
    TKN_MOD         reduce using rule 12 (expresion -> expresion TKN_DIV expresion .)
    TKN_PTCOMA      reduce using rule 12 (expresion -> expresion TKN_DIV expresion .)
    error           reduce using rule 12 (expresion -> expresion TKN_DIV expresion .)
    TKN_PRINT       reduce using rule 12 (expresion -> expresion TKN_DIV expresion .)
    TKN_PARIZQ      reduce using rule 12 (expresion -> expresion TKN_DIV expresion .)
    ENTERO          reduce using rule 12 (expresion -> expresion TKN_DIV expresion .)
    DECIMAL         reduce using rule 12 (expresion -> expresion TKN_DIV expresion .)
    CADENA          reduce using rule 12 (expresion -> expresion TKN_DIV expresion .)
    CHARACTER       reduce using rule 12 (expresion -> expresion TKN_DIV expresion .)
    TKN_FALSE       reduce using rule 12 (expresion -> expresion TKN_DIV expresion .)
    TKN_TRUE        reduce using rule 12 (expresion -> expresion TKN_DIV expresion .)
    $end            reduce using rule 12 (expresion -> expresion TKN_DIV expresion .)
    TKN_PARDER      reduce using rule 12 (expresion -> expresion TKN_DIV expresion .)
    TKN_POTENCIA    shift and go to state 24
    TKN_IGUAL_IGUAL shift and go to state 26
    TKN_DIFERENTE   shift and go to state 27
    TKN_MENOR       shift and go to state 28
    TKN_MAYOR       shift and go to state 29
    TKN_MENORI      shift and go to state 30
    TKN_MAYORI      shift and go to state 31

  ! TKN_POTENCIA    [ reduce using rule 12 (expresion -> expresion TKN_DIV expresion .) ]
  ! TKN_IGUAL_IGUAL [ reduce using rule 12 (expresion -> expresion TKN_DIV expresion .) ]
  ! TKN_DIFERENTE   [ reduce using rule 12 (expresion -> expresion TKN_DIV expresion .) ]
  ! TKN_MENOR       [ reduce using rule 12 (expresion -> expresion TKN_DIV expresion .) ]
  ! TKN_MAYOR       [ reduce using rule 12 (expresion -> expresion TKN_DIV expresion .) ]
  ! TKN_MENORI      [ reduce using rule 12 (expresion -> expresion TKN_DIV expresion .) ]
  ! TKN_MAYORI      [ reduce using rule 12 (expresion -> expresion TKN_DIV expresion .) ]
  ! TKN_MAS         [ shift and go to state 20 ]
  ! TKN_MENOS       [ shift and go to state 21 ]
  ! TKN_POR         [ shift and go to state 22 ]
  ! TKN_DIV         [ shift and go to state 23 ]
  ! TKN_MOD         [ shift and go to state 25 ]


state 40

    (13) expresion -> expresion TKN_POTENCIA expresion .
    (9) expresion -> expresion . TKN_MAS expresion
    (10) expresion -> expresion . TKN_MENOS expresion
    (11) expresion -> expresion . TKN_POR expresion
    (12) expresion -> expresion . TKN_DIV expresion
    (13) expresion -> expresion . TKN_POTENCIA expresion
    (14) expresion -> expresion . TKN_MOD expresion
    (15) expresion -> expresion . TKN_IGUAL_IGUAL expresion
    (16) expresion -> expresion . TKN_DIFERENTE expresion
    (17) expresion -> expresion . TKN_MENOR expresion
    (18) expresion -> expresion . TKN_MAYOR expresion
    (19) expresion -> expresion . TKN_MENORI expresion
    (20) expresion -> expresion . TKN_MAYORI expresion

    TKN_MAS         reduce using rule 13 (expresion -> expresion TKN_POTENCIA expresion .)
    TKN_MENOS       reduce using rule 13 (expresion -> expresion TKN_POTENCIA expresion .)
    TKN_POR         reduce using rule 13 (expresion -> expresion TKN_POTENCIA expresion .)
    TKN_DIV         reduce using rule 13 (expresion -> expresion TKN_POTENCIA expresion .)
    TKN_POTENCIA    reduce using rule 13 (expresion -> expresion TKN_POTENCIA expresion .)
    TKN_MOD         reduce using rule 13 (expresion -> expresion TKN_POTENCIA expresion .)
    TKN_PTCOMA      reduce using rule 13 (expresion -> expresion TKN_POTENCIA expresion .)
    error           reduce using rule 13 (expresion -> expresion TKN_POTENCIA expresion .)
    TKN_PRINT       reduce using rule 13 (expresion -> expresion TKN_POTENCIA expresion .)
    TKN_PARIZQ      reduce using rule 13 (expresion -> expresion TKN_POTENCIA expresion .)
    ENTERO          reduce using rule 13 (expresion -> expresion TKN_POTENCIA expresion .)
    DECIMAL         reduce using rule 13 (expresion -> expresion TKN_POTENCIA expresion .)
    CADENA          reduce using rule 13 (expresion -> expresion TKN_POTENCIA expresion .)
    CHARACTER       reduce using rule 13 (expresion -> expresion TKN_POTENCIA expresion .)
    TKN_FALSE       reduce using rule 13 (expresion -> expresion TKN_POTENCIA expresion .)
    TKN_TRUE        reduce using rule 13 (expresion -> expresion TKN_POTENCIA expresion .)
    $end            reduce using rule 13 (expresion -> expresion TKN_POTENCIA expresion .)
    TKN_PARDER      reduce using rule 13 (expresion -> expresion TKN_POTENCIA expresion .)
    TKN_IGUAL_IGUAL shift and go to state 26
    TKN_DIFERENTE   shift and go to state 27
    TKN_MENOR       shift and go to state 28
    TKN_MAYOR       shift and go to state 29
    TKN_MENORI      shift and go to state 30
    TKN_MAYORI      shift and go to state 31

  ! TKN_IGUAL_IGUAL [ reduce using rule 13 (expresion -> expresion TKN_POTENCIA expresion .) ]
  ! TKN_DIFERENTE   [ reduce using rule 13 (expresion -> expresion TKN_POTENCIA expresion .) ]
  ! TKN_MENOR       [ reduce using rule 13 (expresion -> expresion TKN_POTENCIA expresion .) ]
  ! TKN_MAYOR       [ reduce using rule 13 (expresion -> expresion TKN_POTENCIA expresion .) ]
  ! TKN_MENORI      [ reduce using rule 13 (expresion -> expresion TKN_POTENCIA expresion .) ]
  ! TKN_MAYORI      [ reduce using rule 13 (expresion -> expresion TKN_POTENCIA expresion .) ]
  ! TKN_MAS         [ shift and go to state 20 ]
  ! TKN_MENOS       [ shift and go to state 21 ]
  ! TKN_POR         [ shift and go to state 22 ]
  ! TKN_DIV         [ shift and go to state 23 ]
  ! TKN_POTENCIA    [ shift and go to state 24 ]
  ! TKN_MOD         [ shift and go to state 25 ]


state 41

    (14) expresion -> expresion TKN_MOD expresion .
    (9) expresion -> expresion . TKN_MAS expresion
    (10) expresion -> expresion . TKN_MENOS expresion
    (11) expresion -> expresion . TKN_POR expresion
    (12) expresion -> expresion . TKN_DIV expresion
    (13) expresion -> expresion . TKN_POTENCIA expresion
    (14) expresion -> expresion . TKN_MOD expresion
    (15) expresion -> expresion . TKN_IGUAL_IGUAL expresion
    (16) expresion -> expresion . TKN_DIFERENTE expresion
    (17) expresion -> expresion . TKN_MENOR expresion
    (18) expresion -> expresion . TKN_MAYOR expresion
    (19) expresion -> expresion . TKN_MENORI expresion
    (20) expresion -> expresion . TKN_MAYORI expresion

    TKN_MAS         reduce using rule 14 (expresion -> expresion TKN_MOD expresion .)
    TKN_MENOS       reduce using rule 14 (expresion -> expresion TKN_MOD expresion .)
    TKN_POR         reduce using rule 14 (expresion -> expresion TKN_MOD expresion .)
    TKN_DIV         reduce using rule 14 (expresion -> expresion TKN_MOD expresion .)
    TKN_MOD         reduce using rule 14 (expresion -> expresion TKN_MOD expresion .)
    TKN_PTCOMA      reduce using rule 14 (expresion -> expresion TKN_MOD expresion .)
    error           reduce using rule 14 (expresion -> expresion TKN_MOD expresion .)
    TKN_PRINT       reduce using rule 14 (expresion -> expresion TKN_MOD expresion .)
    TKN_PARIZQ      reduce using rule 14 (expresion -> expresion TKN_MOD expresion .)
    ENTERO          reduce using rule 14 (expresion -> expresion TKN_MOD expresion .)
    DECIMAL         reduce using rule 14 (expresion -> expresion TKN_MOD expresion .)
    CADENA          reduce using rule 14 (expresion -> expresion TKN_MOD expresion .)
    CHARACTER       reduce using rule 14 (expresion -> expresion TKN_MOD expresion .)
    TKN_FALSE       reduce using rule 14 (expresion -> expresion TKN_MOD expresion .)
    TKN_TRUE        reduce using rule 14 (expresion -> expresion TKN_MOD expresion .)
    $end            reduce using rule 14 (expresion -> expresion TKN_MOD expresion .)
    TKN_PARDER      reduce using rule 14 (expresion -> expresion TKN_MOD expresion .)
    TKN_POTENCIA    shift and go to state 24
    TKN_IGUAL_IGUAL shift and go to state 26
    TKN_DIFERENTE   shift and go to state 27
    TKN_MENOR       shift and go to state 28
    TKN_MAYOR       shift and go to state 29
    TKN_MENORI      shift and go to state 30
    TKN_MAYORI      shift and go to state 31

  ! TKN_POTENCIA    [ reduce using rule 14 (expresion -> expresion TKN_MOD expresion .) ]
  ! TKN_IGUAL_IGUAL [ reduce using rule 14 (expresion -> expresion TKN_MOD expresion .) ]
  ! TKN_DIFERENTE   [ reduce using rule 14 (expresion -> expresion TKN_MOD expresion .) ]
  ! TKN_MENOR       [ reduce using rule 14 (expresion -> expresion TKN_MOD expresion .) ]
  ! TKN_MAYOR       [ reduce using rule 14 (expresion -> expresion TKN_MOD expresion .) ]
  ! TKN_MENORI      [ reduce using rule 14 (expresion -> expresion TKN_MOD expresion .) ]
  ! TKN_MAYORI      [ reduce using rule 14 (expresion -> expresion TKN_MOD expresion .) ]
  ! TKN_MAS         [ shift and go to state 20 ]
  ! TKN_MENOS       [ shift and go to state 21 ]
  ! TKN_POR         [ shift and go to state 22 ]
  ! TKN_DIV         [ shift and go to state 23 ]
  ! TKN_MOD         [ shift and go to state 25 ]


state 42

    (15) expresion -> expresion TKN_IGUAL_IGUAL expresion .
    (9) expresion -> expresion . TKN_MAS expresion
    (10) expresion -> expresion . TKN_MENOS expresion
    (11) expresion -> expresion . TKN_POR expresion
    (12) expresion -> expresion . TKN_DIV expresion
    (13) expresion -> expresion . TKN_POTENCIA expresion
    (14) expresion -> expresion . TKN_MOD expresion
    (15) expresion -> expresion . TKN_IGUAL_IGUAL expresion
    (16) expresion -> expresion . TKN_DIFERENTE expresion
    (17) expresion -> expresion . TKN_MENOR expresion
    (18) expresion -> expresion . TKN_MAYOR expresion
    (19) expresion -> expresion . TKN_MENORI expresion
    (20) expresion -> expresion . TKN_MAYORI expresion

    TKN_MAS         reduce using rule 15 (expresion -> expresion TKN_IGUAL_IGUAL expresion .)
    TKN_MENOS       reduce using rule 15 (expresion -> expresion TKN_IGUAL_IGUAL expresion .)
    TKN_POR         reduce using rule 15 (expresion -> expresion TKN_IGUAL_IGUAL expresion .)
    TKN_DIV         reduce using rule 15 (expresion -> expresion TKN_IGUAL_IGUAL expresion .)
    TKN_POTENCIA    reduce using rule 15 (expresion -> expresion TKN_IGUAL_IGUAL expresion .)
    TKN_MOD         reduce using rule 15 (expresion -> expresion TKN_IGUAL_IGUAL expresion .)
    TKN_IGUAL_IGUAL reduce using rule 15 (expresion -> expresion TKN_IGUAL_IGUAL expresion .)
    TKN_DIFERENTE   reduce using rule 15 (expresion -> expresion TKN_IGUAL_IGUAL expresion .)
    TKN_MENOR       reduce using rule 15 (expresion -> expresion TKN_IGUAL_IGUAL expresion .)
    TKN_MAYOR       reduce using rule 15 (expresion -> expresion TKN_IGUAL_IGUAL expresion .)
    TKN_MENORI      reduce using rule 15 (expresion -> expresion TKN_IGUAL_IGUAL expresion .)
    TKN_MAYORI      reduce using rule 15 (expresion -> expresion TKN_IGUAL_IGUAL expresion .)
    TKN_PTCOMA      reduce using rule 15 (expresion -> expresion TKN_IGUAL_IGUAL expresion .)
    error           reduce using rule 15 (expresion -> expresion TKN_IGUAL_IGUAL expresion .)
    TKN_PRINT       reduce using rule 15 (expresion -> expresion TKN_IGUAL_IGUAL expresion .)
    TKN_PARIZQ      reduce using rule 15 (expresion -> expresion TKN_IGUAL_IGUAL expresion .)
    ENTERO          reduce using rule 15 (expresion -> expresion TKN_IGUAL_IGUAL expresion .)
    DECIMAL         reduce using rule 15 (expresion -> expresion TKN_IGUAL_IGUAL expresion .)
    CADENA          reduce using rule 15 (expresion -> expresion TKN_IGUAL_IGUAL expresion .)
    CHARACTER       reduce using rule 15 (expresion -> expresion TKN_IGUAL_IGUAL expresion .)
    TKN_FALSE       reduce using rule 15 (expresion -> expresion TKN_IGUAL_IGUAL expresion .)
    TKN_TRUE        reduce using rule 15 (expresion -> expresion TKN_IGUAL_IGUAL expresion .)
    $end            reduce using rule 15 (expresion -> expresion TKN_IGUAL_IGUAL expresion .)
    TKN_PARDER      reduce using rule 15 (expresion -> expresion TKN_IGUAL_IGUAL expresion .)

  ! TKN_MAS         [ shift and go to state 20 ]
  ! TKN_MENOS       [ shift and go to state 21 ]
  ! TKN_POR         [ shift and go to state 22 ]
  ! TKN_DIV         [ shift and go to state 23 ]
  ! TKN_POTENCIA    [ shift and go to state 24 ]
  ! TKN_MOD         [ shift and go to state 25 ]
  ! TKN_IGUAL_IGUAL [ shift and go to state 26 ]
  ! TKN_DIFERENTE   [ shift and go to state 27 ]
  ! TKN_MENOR       [ shift and go to state 28 ]
  ! TKN_MAYOR       [ shift and go to state 29 ]
  ! TKN_MENORI      [ shift and go to state 30 ]
  ! TKN_MAYORI      [ shift and go to state 31 ]


state 43

    (16) expresion -> expresion TKN_DIFERENTE expresion .
    (9) expresion -> expresion . TKN_MAS expresion
    (10) expresion -> expresion . TKN_MENOS expresion
    (11) expresion -> expresion . TKN_POR expresion
    (12) expresion -> expresion . TKN_DIV expresion
    (13) expresion -> expresion . TKN_POTENCIA expresion
    (14) expresion -> expresion . TKN_MOD expresion
    (15) expresion -> expresion . TKN_IGUAL_IGUAL expresion
    (16) expresion -> expresion . TKN_DIFERENTE expresion
    (17) expresion -> expresion . TKN_MENOR expresion
    (18) expresion -> expresion . TKN_MAYOR expresion
    (19) expresion -> expresion . TKN_MENORI expresion
    (20) expresion -> expresion . TKN_MAYORI expresion

    TKN_MAS         reduce using rule 16 (expresion -> expresion TKN_DIFERENTE expresion .)
    TKN_MENOS       reduce using rule 16 (expresion -> expresion TKN_DIFERENTE expresion .)
    TKN_POR         reduce using rule 16 (expresion -> expresion TKN_DIFERENTE expresion .)
    TKN_DIV         reduce using rule 16 (expresion -> expresion TKN_DIFERENTE expresion .)
    TKN_POTENCIA    reduce using rule 16 (expresion -> expresion TKN_DIFERENTE expresion .)
    TKN_MOD         reduce using rule 16 (expresion -> expresion TKN_DIFERENTE expresion .)
    TKN_IGUAL_IGUAL reduce using rule 16 (expresion -> expresion TKN_DIFERENTE expresion .)
    TKN_DIFERENTE   reduce using rule 16 (expresion -> expresion TKN_DIFERENTE expresion .)
    TKN_MENOR       reduce using rule 16 (expresion -> expresion TKN_DIFERENTE expresion .)
    TKN_MAYOR       reduce using rule 16 (expresion -> expresion TKN_DIFERENTE expresion .)
    TKN_MENORI      reduce using rule 16 (expresion -> expresion TKN_DIFERENTE expresion .)
    TKN_MAYORI      reduce using rule 16 (expresion -> expresion TKN_DIFERENTE expresion .)
    TKN_PTCOMA      reduce using rule 16 (expresion -> expresion TKN_DIFERENTE expresion .)
    error           reduce using rule 16 (expresion -> expresion TKN_DIFERENTE expresion .)
    TKN_PRINT       reduce using rule 16 (expresion -> expresion TKN_DIFERENTE expresion .)
    TKN_PARIZQ      reduce using rule 16 (expresion -> expresion TKN_DIFERENTE expresion .)
    ENTERO          reduce using rule 16 (expresion -> expresion TKN_DIFERENTE expresion .)
    DECIMAL         reduce using rule 16 (expresion -> expresion TKN_DIFERENTE expresion .)
    CADENA          reduce using rule 16 (expresion -> expresion TKN_DIFERENTE expresion .)
    CHARACTER       reduce using rule 16 (expresion -> expresion TKN_DIFERENTE expresion .)
    TKN_FALSE       reduce using rule 16 (expresion -> expresion TKN_DIFERENTE expresion .)
    TKN_TRUE        reduce using rule 16 (expresion -> expresion TKN_DIFERENTE expresion .)
    $end            reduce using rule 16 (expresion -> expresion TKN_DIFERENTE expresion .)
    TKN_PARDER      reduce using rule 16 (expresion -> expresion TKN_DIFERENTE expresion .)

  ! TKN_MAS         [ shift and go to state 20 ]
  ! TKN_MENOS       [ shift and go to state 21 ]
  ! TKN_POR         [ shift and go to state 22 ]
  ! TKN_DIV         [ shift and go to state 23 ]
  ! TKN_POTENCIA    [ shift and go to state 24 ]
  ! TKN_MOD         [ shift and go to state 25 ]
  ! TKN_IGUAL_IGUAL [ shift and go to state 26 ]
  ! TKN_DIFERENTE   [ shift and go to state 27 ]
  ! TKN_MENOR       [ shift and go to state 28 ]
  ! TKN_MAYOR       [ shift and go to state 29 ]
  ! TKN_MENORI      [ shift and go to state 30 ]
  ! TKN_MAYORI      [ shift and go to state 31 ]


state 44

    (17) expresion -> expresion TKN_MENOR expresion .
    (9) expresion -> expresion . TKN_MAS expresion
    (10) expresion -> expresion . TKN_MENOS expresion
    (11) expresion -> expresion . TKN_POR expresion
    (12) expresion -> expresion . TKN_DIV expresion
    (13) expresion -> expresion . TKN_POTENCIA expresion
    (14) expresion -> expresion . TKN_MOD expresion
    (15) expresion -> expresion . TKN_IGUAL_IGUAL expresion
    (16) expresion -> expresion . TKN_DIFERENTE expresion
    (17) expresion -> expresion . TKN_MENOR expresion
    (18) expresion -> expresion . TKN_MAYOR expresion
    (19) expresion -> expresion . TKN_MENORI expresion
    (20) expresion -> expresion . TKN_MAYORI expresion

    TKN_MAS         reduce using rule 17 (expresion -> expresion TKN_MENOR expresion .)
    TKN_MENOS       reduce using rule 17 (expresion -> expresion TKN_MENOR expresion .)
    TKN_POR         reduce using rule 17 (expresion -> expresion TKN_MENOR expresion .)
    TKN_DIV         reduce using rule 17 (expresion -> expresion TKN_MENOR expresion .)
    TKN_POTENCIA    reduce using rule 17 (expresion -> expresion TKN_MENOR expresion .)
    TKN_MOD         reduce using rule 17 (expresion -> expresion TKN_MENOR expresion .)
    TKN_IGUAL_IGUAL reduce using rule 17 (expresion -> expresion TKN_MENOR expresion .)
    TKN_DIFERENTE   reduce using rule 17 (expresion -> expresion TKN_MENOR expresion .)
    TKN_MENOR       reduce using rule 17 (expresion -> expresion TKN_MENOR expresion .)
    TKN_MAYOR       reduce using rule 17 (expresion -> expresion TKN_MENOR expresion .)
    TKN_MENORI      reduce using rule 17 (expresion -> expresion TKN_MENOR expresion .)
    TKN_MAYORI      reduce using rule 17 (expresion -> expresion TKN_MENOR expresion .)
    TKN_PTCOMA      reduce using rule 17 (expresion -> expresion TKN_MENOR expresion .)
    error           reduce using rule 17 (expresion -> expresion TKN_MENOR expresion .)
    TKN_PRINT       reduce using rule 17 (expresion -> expresion TKN_MENOR expresion .)
    TKN_PARIZQ      reduce using rule 17 (expresion -> expresion TKN_MENOR expresion .)
    ENTERO          reduce using rule 17 (expresion -> expresion TKN_MENOR expresion .)
    DECIMAL         reduce using rule 17 (expresion -> expresion TKN_MENOR expresion .)
    CADENA          reduce using rule 17 (expresion -> expresion TKN_MENOR expresion .)
    CHARACTER       reduce using rule 17 (expresion -> expresion TKN_MENOR expresion .)
    TKN_FALSE       reduce using rule 17 (expresion -> expresion TKN_MENOR expresion .)
    TKN_TRUE        reduce using rule 17 (expresion -> expresion TKN_MENOR expresion .)
    $end            reduce using rule 17 (expresion -> expresion TKN_MENOR expresion .)
    TKN_PARDER      reduce using rule 17 (expresion -> expresion TKN_MENOR expresion .)

  ! TKN_MAS         [ shift and go to state 20 ]
  ! TKN_MENOS       [ shift and go to state 21 ]
  ! TKN_POR         [ shift and go to state 22 ]
  ! TKN_DIV         [ shift and go to state 23 ]
  ! TKN_POTENCIA    [ shift and go to state 24 ]
  ! TKN_MOD         [ shift and go to state 25 ]
  ! TKN_IGUAL_IGUAL [ shift and go to state 26 ]
  ! TKN_DIFERENTE   [ shift and go to state 27 ]
  ! TKN_MENOR       [ shift and go to state 28 ]
  ! TKN_MAYOR       [ shift and go to state 29 ]
  ! TKN_MENORI      [ shift and go to state 30 ]
  ! TKN_MAYORI      [ shift and go to state 31 ]


state 45

    (18) expresion -> expresion TKN_MAYOR expresion .
    (9) expresion -> expresion . TKN_MAS expresion
    (10) expresion -> expresion . TKN_MENOS expresion
    (11) expresion -> expresion . TKN_POR expresion
    (12) expresion -> expresion . TKN_DIV expresion
    (13) expresion -> expresion . TKN_POTENCIA expresion
    (14) expresion -> expresion . TKN_MOD expresion
    (15) expresion -> expresion . TKN_IGUAL_IGUAL expresion
    (16) expresion -> expresion . TKN_DIFERENTE expresion
    (17) expresion -> expresion . TKN_MENOR expresion
    (18) expresion -> expresion . TKN_MAYOR expresion
    (19) expresion -> expresion . TKN_MENORI expresion
    (20) expresion -> expresion . TKN_MAYORI expresion

    TKN_MAS         reduce using rule 18 (expresion -> expresion TKN_MAYOR expresion .)
    TKN_MENOS       reduce using rule 18 (expresion -> expresion TKN_MAYOR expresion .)
    TKN_POR         reduce using rule 18 (expresion -> expresion TKN_MAYOR expresion .)
    TKN_DIV         reduce using rule 18 (expresion -> expresion TKN_MAYOR expresion .)
    TKN_POTENCIA    reduce using rule 18 (expresion -> expresion TKN_MAYOR expresion .)
    TKN_MOD         reduce using rule 18 (expresion -> expresion TKN_MAYOR expresion .)
    TKN_IGUAL_IGUAL reduce using rule 18 (expresion -> expresion TKN_MAYOR expresion .)
    TKN_DIFERENTE   reduce using rule 18 (expresion -> expresion TKN_MAYOR expresion .)
    TKN_MENOR       reduce using rule 18 (expresion -> expresion TKN_MAYOR expresion .)
    TKN_MAYOR       reduce using rule 18 (expresion -> expresion TKN_MAYOR expresion .)
    TKN_MENORI      reduce using rule 18 (expresion -> expresion TKN_MAYOR expresion .)
    TKN_MAYORI      reduce using rule 18 (expresion -> expresion TKN_MAYOR expresion .)
    TKN_PTCOMA      reduce using rule 18 (expresion -> expresion TKN_MAYOR expresion .)
    error           reduce using rule 18 (expresion -> expresion TKN_MAYOR expresion .)
    TKN_PRINT       reduce using rule 18 (expresion -> expresion TKN_MAYOR expresion .)
    TKN_PARIZQ      reduce using rule 18 (expresion -> expresion TKN_MAYOR expresion .)
    ENTERO          reduce using rule 18 (expresion -> expresion TKN_MAYOR expresion .)
    DECIMAL         reduce using rule 18 (expresion -> expresion TKN_MAYOR expresion .)
    CADENA          reduce using rule 18 (expresion -> expresion TKN_MAYOR expresion .)
    CHARACTER       reduce using rule 18 (expresion -> expresion TKN_MAYOR expresion .)
    TKN_FALSE       reduce using rule 18 (expresion -> expresion TKN_MAYOR expresion .)
    TKN_TRUE        reduce using rule 18 (expresion -> expresion TKN_MAYOR expresion .)
    $end            reduce using rule 18 (expresion -> expresion TKN_MAYOR expresion .)
    TKN_PARDER      reduce using rule 18 (expresion -> expresion TKN_MAYOR expresion .)

  ! TKN_MAS         [ shift and go to state 20 ]
  ! TKN_MENOS       [ shift and go to state 21 ]
  ! TKN_POR         [ shift and go to state 22 ]
  ! TKN_DIV         [ shift and go to state 23 ]
  ! TKN_POTENCIA    [ shift and go to state 24 ]
  ! TKN_MOD         [ shift and go to state 25 ]
  ! TKN_IGUAL_IGUAL [ shift and go to state 26 ]
  ! TKN_DIFERENTE   [ shift and go to state 27 ]
  ! TKN_MENOR       [ shift and go to state 28 ]
  ! TKN_MAYOR       [ shift and go to state 29 ]
  ! TKN_MENORI      [ shift and go to state 30 ]
  ! TKN_MAYORI      [ shift and go to state 31 ]


state 46

    (19) expresion -> expresion TKN_MENORI expresion .
    (9) expresion -> expresion . TKN_MAS expresion
    (10) expresion -> expresion . TKN_MENOS expresion
    (11) expresion -> expresion . TKN_POR expresion
    (12) expresion -> expresion . TKN_DIV expresion
    (13) expresion -> expresion . TKN_POTENCIA expresion
    (14) expresion -> expresion . TKN_MOD expresion
    (15) expresion -> expresion . TKN_IGUAL_IGUAL expresion
    (16) expresion -> expresion . TKN_DIFERENTE expresion
    (17) expresion -> expresion . TKN_MENOR expresion
    (18) expresion -> expresion . TKN_MAYOR expresion
    (19) expresion -> expresion . TKN_MENORI expresion
    (20) expresion -> expresion . TKN_MAYORI expresion

    TKN_MAS         reduce using rule 19 (expresion -> expresion TKN_MENORI expresion .)
    TKN_MENOS       reduce using rule 19 (expresion -> expresion TKN_MENORI expresion .)
    TKN_POR         reduce using rule 19 (expresion -> expresion TKN_MENORI expresion .)
    TKN_DIV         reduce using rule 19 (expresion -> expresion TKN_MENORI expresion .)
    TKN_POTENCIA    reduce using rule 19 (expresion -> expresion TKN_MENORI expresion .)
    TKN_MOD         reduce using rule 19 (expresion -> expresion TKN_MENORI expresion .)
    TKN_IGUAL_IGUAL reduce using rule 19 (expresion -> expresion TKN_MENORI expresion .)
    TKN_DIFERENTE   reduce using rule 19 (expresion -> expresion TKN_MENORI expresion .)
    TKN_MENOR       reduce using rule 19 (expresion -> expresion TKN_MENORI expresion .)
    TKN_MAYOR       reduce using rule 19 (expresion -> expresion TKN_MENORI expresion .)
    TKN_MENORI      reduce using rule 19 (expresion -> expresion TKN_MENORI expresion .)
    TKN_MAYORI      reduce using rule 19 (expresion -> expresion TKN_MENORI expresion .)
    TKN_PTCOMA      reduce using rule 19 (expresion -> expresion TKN_MENORI expresion .)
    error           reduce using rule 19 (expresion -> expresion TKN_MENORI expresion .)
    TKN_PRINT       reduce using rule 19 (expresion -> expresion TKN_MENORI expresion .)
    TKN_PARIZQ      reduce using rule 19 (expresion -> expresion TKN_MENORI expresion .)
    ENTERO          reduce using rule 19 (expresion -> expresion TKN_MENORI expresion .)
    DECIMAL         reduce using rule 19 (expresion -> expresion TKN_MENORI expresion .)
    CADENA          reduce using rule 19 (expresion -> expresion TKN_MENORI expresion .)
    CHARACTER       reduce using rule 19 (expresion -> expresion TKN_MENORI expresion .)
    TKN_FALSE       reduce using rule 19 (expresion -> expresion TKN_MENORI expresion .)
    TKN_TRUE        reduce using rule 19 (expresion -> expresion TKN_MENORI expresion .)
    $end            reduce using rule 19 (expresion -> expresion TKN_MENORI expresion .)
    TKN_PARDER      reduce using rule 19 (expresion -> expresion TKN_MENORI expresion .)

  ! TKN_MAS         [ shift and go to state 20 ]
  ! TKN_MENOS       [ shift and go to state 21 ]
  ! TKN_POR         [ shift and go to state 22 ]
  ! TKN_DIV         [ shift and go to state 23 ]
  ! TKN_POTENCIA    [ shift and go to state 24 ]
  ! TKN_MOD         [ shift and go to state 25 ]
  ! TKN_IGUAL_IGUAL [ shift and go to state 26 ]
  ! TKN_DIFERENTE   [ shift and go to state 27 ]
  ! TKN_MENOR       [ shift and go to state 28 ]
  ! TKN_MAYOR       [ shift and go to state 29 ]
  ! TKN_MENORI      [ shift and go to state 30 ]
  ! TKN_MAYORI      [ shift and go to state 31 ]


state 47

    (20) expresion -> expresion TKN_MAYORI expresion .
    (9) expresion -> expresion . TKN_MAS expresion
    (10) expresion -> expresion . TKN_MENOS expresion
    (11) expresion -> expresion . TKN_POR expresion
    (12) expresion -> expresion . TKN_DIV expresion
    (13) expresion -> expresion . TKN_POTENCIA expresion
    (14) expresion -> expresion . TKN_MOD expresion
    (15) expresion -> expresion . TKN_IGUAL_IGUAL expresion
    (16) expresion -> expresion . TKN_DIFERENTE expresion
    (17) expresion -> expresion . TKN_MENOR expresion
    (18) expresion -> expresion . TKN_MAYOR expresion
    (19) expresion -> expresion . TKN_MENORI expresion
    (20) expresion -> expresion . TKN_MAYORI expresion

    TKN_MAS         reduce using rule 20 (expresion -> expresion TKN_MAYORI expresion .)
    TKN_MENOS       reduce using rule 20 (expresion -> expresion TKN_MAYORI expresion .)
    TKN_POR         reduce using rule 20 (expresion -> expresion TKN_MAYORI expresion .)
    TKN_DIV         reduce using rule 20 (expresion -> expresion TKN_MAYORI expresion .)
    TKN_POTENCIA    reduce using rule 20 (expresion -> expresion TKN_MAYORI expresion .)
    TKN_MOD         reduce using rule 20 (expresion -> expresion TKN_MAYORI expresion .)
    TKN_IGUAL_IGUAL reduce using rule 20 (expresion -> expresion TKN_MAYORI expresion .)
    TKN_DIFERENTE   reduce using rule 20 (expresion -> expresion TKN_MAYORI expresion .)
    TKN_MENOR       reduce using rule 20 (expresion -> expresion TKN_MAYORI expresion .)
    TKN_MAYOR       reduce using rule 20 (expresion -> expresion TKN_MAYORI expresion .)
    TKN_MENORI      reduce using rule 20 (expresion -> expresion TKN_MAYORI expresion .)
    TKN_MAYORI      reduce using rule 20 (expresion -> expresion TKN_MAYORI expresion .)
    TKN_PTCOMA      reduce using rule 20 (expresion -> expresion TKN_MAYORI expresion .)
    error           reduce using rule 20 (expresion -> expresion TKN_MAYORI expresion .)
    TKN_PRINT       reduce using rule 20 (expresion -> expresion TKN_MAYORI expresion .)
    TKN_PARIZQ      reduce using rule 20 (expresion -> expresion TKN_MAYORI expresion .)
    ENTERO          reduce using rule 20 (expresion -> expresion TKN_MAYORI expresion .)
    DECIMAL         reduce using rule 20 (expresion -> expresion TKN_MAYORI expresion .)
    CADENA          reduce using rule 20 (expresion -> expresion TKN_MAYORI expresion .)
    CHARACTER       reduce using rule 20 (expresion -> expresion TKN_MAYORI expresion .)
    TKN_FALSE       reduce using rule 20 (expresion -> expresion TKN_MAYORI expresion .)
    TKN_TRUE        reduce using rule 20 (expresion -> expresion TKN_MAYORI expresion .)
    $end            reduce using rule 20 (expresion -> expresion TKN_MAYORI expresion .)
    TKN_PARDER      reduce using rule 20 (expresion -> expresion TKN_MAYORI expresion .)

  ! TKN_MAS         [ shift and go to state 20 ]
  ! TKN_MENOS       [ shift and go to state 21 ]
  ! TKN_POR         [ shift and go to state 22 ]
  ! TKN_DIV         [ shift and go to state 23 ]
  ! TKN_POTENCIA    [ shift and go to state 24 ]
  ! TKN_MOD         [ shift and go to state 25 ]
  ! TKN_IGUAL_IGUAL [ shift and go to state 26 ]
  ! TKN_DIFERENTE   [ shift and go to state 27 ]
  ! TKN_MENOR       [ shift and go to state 28 ]
  ! TKN_MAYOR       [ shift and go to state 29 ]
  ! TKN_MENORI      [ shift and go to state 30 ]
  ! TKN_MAYORI      [ shift and go to state 31 ]


state 48

    (8) instPrint -> TKN_PRINT TKN_PARIZQ expresion . TKN_PARDER
    (9) expresion -> expresion . TKN_MAS expresion
    (10) expresion -> expresion . TKN_MENOS expresion
    (11) expresion -> expresion . TKN_POR expresion
    (12) expresion -> expresion . TKN_DIV expresion
    (13) expresion -> expresion . TKN_POTENCIA expresion
    (14) expresion -> expresion . TKN_MOD expresion
    (15) expresion -> expresion . TKN_IGUAL_IGUAL expresion
    (16) expresion -> expresion . TKN_DIFERENTE expresion
    (17) expresion -> expresion . TKN_MENOR expresion
    (18) expresion -> expresion . TKN_MAYOR expresion
    (19) expresion -> expresion . TKN_MENORI expresion
    (20) expresion -> expresion . TKN_MAYORI expresion

    TKN_PARDER      shift and go to state 50
    TKN_MAS         shift and go to state 20
    TKN_MENOS       shift and go to state 21
    TKN_POR         shift and go to state 22
    TKN_DIV         shift and go to state 23
    TKN_POTENCIA    shift and go to state 24
    TKN_MOD         shift and go to state 25
    TKN_IGUAL_IGUAL shift and go to state 26
    TKN_DIFERENTE   shift and go to state 27
    TKN_MENOR       shift and go to state 28
    TKN_MAYOR       shift and go to state 29
    TKN_MENORI      shift and go to state 30
    TKN_MAYORI      shift and go to state 31


state 49

    (22) expresion -> TKN_PARIZQ expresion TKN_PARDER .

    TKN_MAS         reduce using rule 22 (expresion -> TKN_PARIZQ expresion TKN_PARDER .)
    TKN_MENOS       reduce using rule 22 (expresion -> TKN_PARIZQ expresion TKN_PARDER .)
    TKN_POR         reduce using rule 22 (expresion -> TKN_PARIZQ expresion TKN_PARDER .)
    TKN_DIV         reduce using rule 22 (expresion -> TKN_PARIZQ expresion TKN_PARDER .)
    TKN_POTENCIA    reduce using rule 22 (expresion -> TKN_PARIZQ expresion TKN_PARDER .)
    TKN_MOD         reduce using rule 22 (expresion -> TKN_PARIZQ expresion TKN_PARDER .)
    TKN_IGUAL_IGUAL reduce using rule 22 (expresion -> TKN_PARIZQ expresion TKN_PARDER .)
    TKN_DIFERENTE   reduce using rule 22 (expresion -> TKN_PARIZQ expresion TKN_PARDER .)
    TKN_MENOR       reduce using rule 22 (expresion -> TKN_PARIZQ expresion TKN_PARDER .)
    TKN_MAYOR       reduce using rule 22 (expresion -> TKN_PARIZQ expresion TKN_PARDER .)
    TKN_MENORI      reduce using rule 22 (expresion -> TKN_PARIZQ expresion TKN_PARDER .)
    TKN_MAYORI      reduce using rule 22 (expresion -> TKN_PARIZQ expresion TKN_PARDER .)
    TKN_PTCOMA      reduce using rule 22 (expresion -> TKN_PARIZQ expresion TKN_PARDER .)
    error           reduce using rule 22 (expresion -> TKN_PARIZQ expresion TKN_PARDER .)
    TKN_PRINT       reduce using rule 22 (expresion -> TKN_PARIZQ expresion TKN_PARDER .)
    TKN_PARIZQ      reduce using rule 22 (expresion -> TKN_PARIZQ expresion TKN_PARDER .)
    ENTERO          reduce using rule 22 (expresion -> TKN_PARIZQ expresion TKN_PARDER .)
    DECIMAL         reduce using rule 22 (expresion -> TKN_PARIZQ expresion TKN_PARDER .)
    CADENA          reduce using rule 22 (expresion -> TKN_PARIZQ expresion TKN_PARDER .)
    CHARACTER       reduce using rule 22 (expresion -> TKN_PARIZQ expresion TKN_PARDER .)
    TKN_FALSE       reduce using rule 22 (expresion -> TKN_PARIZQ expresion TKN_PARDER .)
    TKN_TRUE        reduce using rule 22 (expresion -> TKN_PARIZQ expresion TKN_PARDER .)
    $end            reduce using rule 22 (expresion -> TKN_PARIZQ expresion TKN_PARDER .)
    TKN_PARDER      reduce using rule 22 (expresion -> TKN_PARIZQ expresion TKN_PARDER .)


state 50

    (8) instPrint -> TKN_PRINT TKN_PARIZQ expresion TKN_PARDER .

    TKN_PTCOMA      reduce using rule 8 (instPrint -> TKN_PRINT TKN_PARIZQ expresion TKN_PARDER .)
    error           reduce using rule 8 (instPrint -> TKN_PRINT TKN_PARIZQ expresion TKN_PARDER .)
    TKN_PRINT       reduce using rule 8 (instPrint -> TKN_PRINT TKN_PARIZQ expresion TKN_PARDER .)
    TKN_MENOS       reduce using rule 8 (instPrint -> TKN_PRINT TKN_PARIZQ expresion TKN_PARDER .)
    TKN_PARIZQ      reduce using rule 8 (instPrint -> TKN_PRINT TKN_PARIZQ expresion TKN_PARDER .)
    ENTERO          reduce using rule 8 (instPrint -> TKN_PRINT TKN_PARIZQ expresion TKN_PARDER .)
    DECIMAL         reduce using rule 8 (instPrint -> TKN_PRINT TKN_PARIZQ expresion TKN_PARDER .)
    CADENA          reduce using rule 8 (instPrint -> TKN_PRINT TKN_PARIZQ expresion TKN_PARDER .)
    CHARACTER       reduce using rule 8 (instPrint -> TKN_PRINT TKN_PARIZQ expresion TKN_PARDER .)
    TKN_FALSE       reduce using rule 8 (instPrint -> TKN_PRINT TKN_PARIZQ expresion TKN_PARDER .)
    TKN_TRUE        reduce using rule 8 (instPrint -> TKN_PRINT TKN_PARIZQ expresion TKN_PARDER .)
    $end            reduce using rule 8 (instPrint -> TKN_PRINT TKN_PARIZQ expresion TKN_PARDER .)

WARNING: 
WARNING: Conflicts:
WARNING: 
WARNING: shift/reduce conflict for TKN_MENOS in state 5 resolved as shift
